2025-04-14 16:09:19.955 [http-nio-8888-exec-7] DEBUG com.asa.mapper.BackUserMapper.getUserByName - ==>  Preparing: select * from back_user where name = ? 
2025-04-14 16:09:20.008 [http-nio-8888-exec-7] DEBUG com.asa.mapper.BackUserMapper.getUserByName - ==> Parameters: zhangsan(String)
2025-04-14 16:09:20.023 [http-nio-8888-exec-7] DEBUG com.asa.mapper.BackUserMapper.getUserByName - <==      Total: 1
2025-04-14 16:09:30.193 [http-nio-8888-exec-8] DEBUG com.asa.mapper.FilesMapper.insert - ==>  Preparing: INSERT INTO files ( filename, storage_path, create_time, update_time, delete_flag, version ) VALUES ( ?, ?, ?, ?, ?, ? ) 
2025-04-14 16:09:30.196 [http-nio-8888-exec-8] DEBUG com.asa.mapper.FilesMapper.insert - ==> Parameters: dandelion1.jpg(String), http://124.71.79.248:8886/group1/M00/00/00/wKgPH2f8wrqALggAAAYbbc58RiE790.jpg(String), 2025-04-14 16:09:30.191(Timestamp), 2025-04-14 16:09:30.191(Timestamp), 0(Integer), 1(Integer)
2025-04-14 16:09:30.436 [http-nio-8888-exec-8] DEBUG com.asa.mapper.FilesMapper.insert - <==    Updates: 1
2025-04-14 16:09:30.769 [http-nio-8888-exec-10] DEBUG com.asa.mapper.FilesMapper.selectList - ==>  Preparing: SELECT id,filename,storage_path,create_time,update_time,delete_flag,version FROM files WHERE delete_flag=0 ORDER BY id DESC 
2025-04-14 16:09:30.770 [http-nio-8888-exec-10] DEBUG com.asa.mapper.FilesMapper.selectList - ==> Parameters: 
2025-04-14 16:09:30.771 [http-nio-8888-exec-10] DEBUG com.asa.mapper.FilesMapper.selectList - <==      Total: 1
2025-04-14 16:09:40.499 [http-nio-8888-exec-1] DEBUG com.asa.mapper.FilesMapper.selectById - ==>  Preparing: SELECT id,filename,storage_path,create_time,update_time,delete_flag,version FROM files WHERE id=? AND delete_flag=0 
2025-04-14 16:09:40.500 [http-nio-8888-exec-1] DEBUG com.asa.mapper.FilesMapper.selectById - ==> Parameters: 44(Integer)
2025-04-14 16:09:40.502 [http-nio-8888-exec-1] DEBUG com.asa.mapper.FilesMapper.selectById - <==      Total: 1
2025-04-14 16:09:40.624 [http-nio-8888-exec-1] DEBUG com.asa.mapper.FilesMapper.deleteById - ==>  Preparing: UPDATE files SET delete_flag=1 WHERE id=? AND delete_flag=0 
2025-04-14 16:09:40.625 [http-nio-8888-exec-1] DEBUG com.asa.mapper.FilesMapper.deleteById - ==> Parameters: 44(Integer)
2025-04-14 16:09:40.708 [http-nio-8888-exec-1] DEBUG com.asa.mapper.FilesMapper.deleteById - <==    Updates: 1
2025-04-14 16:11:50.102 [http-nio-8888-exec-4] DEBUG com.asa.mapper.FilesMapper.insert - ==>  Preparing: INSERT INTO files ( filename, storage_path, create_time, update_time, delete_flag, version ) VALUES ( ?, ?, ?, ?, ?, ? ) 
2025-04-14 16:11:50.105 [http-nio-8888-exec-4] DEBUG com.asa.mapper.FilesMapper.insert - ==> Parameters: daisy1.jpg(String), http://124.71.79.248:8886/group1/M00/00/00/wKgPH2f8w0aAetSIAAEXJp4ztPo736.jpg(String), 2025-04-14 16:11:50.101(Timestamp), 2025-04-14 16:11:50.101(Timestamp), 0(Integer), 1(Integer)
2025-04-14 16:11:50.231 [http-nio-8888-exec-4] DEBUG com.asa.mapper.FilesMapper.insert - <==    Updates: 1
2025-04-14 16:11:50.605 [http-nio-8888-exec-3] DEBUG com.asa.mapper.FilesMapper.selectList - ==>  Preparing: SELECT id,filename,storage_path,create_time,update_time,delete_flag,version FROM files WHERE delete_flag=0 ORDER BY id DESC 
2025-04-14 16:11:50.606 [http-nio-8888-exec-3] DEBUG com.asa.mapper.FilesMapper.selectList - ==> Parameters: 
2025-04-14 16:11:50.607 [http-nio-8888-exec-3] DEBUG com.asa.mapper.FilesMapper.selectList - <==      Total: 1
2025-04-14 16:21:39.630 [http-nio-8888-exec-6] DEBUG com.asa.mapper.BackUserMapper.getUserByName - ==>  Preparing: select * from back_user where name = ? 
2025-04-14 16:21:39.631 [http-nio-8888-exec-6] DEBUG com.asa.mapper.BackUserMapper.getUserByName - ==> Parameters: zhangsan(String)
2025-04-14 16:21:39.633 [http-nio-8888-exec-6] DEBUG com.asa.mapper.BackUserMapper.getUserByName - <==      Total: 1
2025-04-14 16:26:47.899 [http-nio-8888-exec-7] DEBUG com.asa.mapper.FilesMapper.insert - ==>  Preparing: INSERT INTO files ( filename, storage_path, create_time, update_time, delete_flag, version ) VALUES ( ?, ?, ?, ?, ?, ? ) 
2025-04-14 16:26:47.901 [http-nio-8888-exec-7] DEBUG com.asa.mapper.FilesMapper.insert - ==> Parameters: dandelion1.jpg(String), http://124.71.79.248:8886/group1/M00/00/00/wKgPH2f8xseADwZNAAYbbc58RiE407.jpg(String), 2025-04-14 16:26:47.896(Timestamp), 2025-04-14 16:26:47.896(Timestamp), 0(Integer), 1(Integer)
2025-04-14 16:26:47.983 [http-nio-8888-exec-7] DEBUG com.asa.mapper.FilesMapper.insert - <==    Updates: 1
2025-04-14 16:26:48.305 [http-nio-8888-exec-9] DEBUG com.asa.mapper.FilesMapper.selectList - ==>  Preparing: SELECT id,filename,storage_path,create_time,update_time,delete_flag,version FROM files WHERE delete_flag=0 ORDER BY id DESC 
2025-04-14 16:26:48.306 [http-nio-8888-exec-9] DEBUG com.asa.mapper.FilesMapper.selectList - ==> Parameters: 
2025-04-14 16:26:48.307 [http-nio-8888-exec-9] DEBUG com.asa.mapper.FilesMapper.selectList - <==      Total: 2
2025-04-14 16:28:36.381 [http-nio-8888-exec-10] DEBUG com.asa.mapper.FilesMapper.insert - ==>  Preparing: INSERT INTO files ( filename, storage_path, create_time, update_time, delete_flag, version ) VALUES ( ?, ?, ?, ?, ?, ? ) 
2025-04-14 16:28:36.382 [http-nio-8888-exec-10] DEBUG com.asa.mapper.FilesMapper.insert - ==> Parameters: dandelion1.jpg(String), http://124.71.79.248:8886/group1/M00/00/00/wKgPH2f8xzSAL7heAAYbbc58RiE742.jpg(String), 2025-04-14 16:28:36.379(Timestamp), 2025-04-14 16:28:36.38(Timestamp), 0(Integer), 1(Integer)
2025-04-14 16:28:36.505 [http-nio-8888-exec-10] DEBUG com.asa.mapper.FilesMapper.insert - <==    Updates: 1
2025-04-14 16:28:36.519 [http-nio-8888-exec-1] DEBUG com.asa.mapper.FilesMapper.selectList - ==>  Preparing: SELECT id,filename,storage_path,create_time,update_time,delete_flag,version FROM files WHERE delete_flag=0 ORDER BY id DESC 
2025-04-14 16:28:36.519 [http-nio-8888-exec-1] DEBUG com.asa.mapper.FilesMapper.selectList - ==> Parameters: 
2025-04-14 16:28:36.555 [http-nio-8888-exec-1] DEBUG com.asa.mapper.FilesMapper.selectList - <==      Total: 3
2025-04-14 16:30:27.727 [http-nio-8888-exec-4] DEBUG com.asa.mapper.FilesMapper.insert - ==>  Preparing: INSERT INTO files ( filename, storage_path, create_time, update_time, delete_flag, version ) VALUES ( ?, ?, ?, ?, ?, ? ) 
2025-04-14 16:30:27.734 [http-nio-8888-exec-4] DEBUG com.asa.mapper.FilesMapper.insert - ==> Parameters: roses1.jpg(String), http://124.71.79.248:8886/group1/M00/00/00/wKgPH2f8x6OACgwAAAB8KEOF8VU531.jpg(String), 2025-04-14 16:30:27.722(Timestamp), 2025-04-14 16:30:27.722(Timestamp), 0(Integer), 1(Integer)
2025-04-14 16:30:27.836 [http-nio-8888-exec-4] DEBUG com.asa.mapper.FilesMapper.insert - <==    Updates: 1
2025-04-14 16:30:27.861 [http-nio-8888-exec-3] DEBUG com.asa.mapper.FilesMapper.selectList - ==>  Preparing: SELECT id,filename,storage_path,create_time,update_time,delete_flag,version FROM files WHERE delete_flag=0 ORDER BY id DESC 
2025-04-14 16:30:27.863 [http-nio-8888-exec-3] DEBUG com.asa.mapper.FilesMapper.selectList - ==> Parameters: 
2025-04-14 16:30:27.866 [http-nio-8888-exec-3] DEBUG com.asa.mapper.FilesMapper.selectList - <==      Total: 4
2025-04-14 16:32:17.774 [http-nio-8888-exec-6] DEBUG com.asa.mapper.FilesMapper.insert - ==>  Preparing: INSERT INTO files ( filename, storage_path, create_time, update_time, delete_flag, version ) VALUES ( ?, ?, ?, ?, ?, ? ) 
2025-04-14 16:32:17.776 [http-nio-8888-exec-6] DEBUG com.asa.mapper.FilesMapper.insert - ==> Parameters: roses1.jpg(String), http://124.71.79.248:8886/group1/M00/00/00/wKgPH2f8yBGAcLkOAAB8KEOF8VU038.jpg(String), 2025-04-14 16:32:17.768(Timestamp), 2025-04-14 16:32:17.768(Timestamp), 0(Integer), 1(Integer)
2025-04-14 16:32:17.849 [http-nio-8888-exec-6] DEBUG com.asa.mapper.FilesMapper.insert - <==    Updates: 1
2025-04-14 16:32:46.849 [http-nio-8888-exec-7] DEBUG com.asa.mapper.FilesMapper.insert - ==>  Preparing: INSERT INTO files ( filename, storage_path, create_time, update_time, delete_flag, version ) VALUES ( ?, ?, ?, ?, ?, ? ) 
2025-04-14 16:32:46.851 [http-nio-8888-exec-7] DEBUG com.asa.mapper.FilesMapper.insert - ==> Parameters: tulips1.jpg(String), http://124.71.79.248:8886/group1/M00/00/00/wKgPH2f8yC6AD9DIAAXe4A5w_IE432.jpg(String), 2025-04-14 16:32:46.845(Timestamp), 2025-04-14 16:32:46.845(Timestamp), 0(Integer), 1(Integer)
2025-04-14 16:32:46.932 [http-nio-8888-exec-7] DEBUG com.asa.mapper.FilesMapper.insert - <==    Updates: 1
2025-04-14 16:32:46.956 [http-nio-8888-exec-9] DEBUG com.asa.mapper.FilesMapper.selectList - ==>  Preparing: SELECT id,filename,storage_path,create_time,update_time,delete_flag,version FROM files WHERE delete_flag=0 ORDER BY id DESC 
2025-04-14 16:32:46.957 [http-nio-8888-exec-9] DEBUG com.asa.mapper.FilesMapper.selectList - ==> Parameters: 
2025-04-14 16:32:46.960 [http-nio-8888-exec-9] DEBUG com.asa.mapper.FilesMapper.selectList - <==      Total: 6
2025-04-14 16:33:17.724 [http-nio-8888-exec-8] DEBUG com.asa.mapper.FilesMapper.insert - ==>  Preparing: INSERT INTO files ( filename, storage_path, create_time, update_time, delete_flag, version ) VALUES ( ?, ?, ?, ?, ?, ? ) 
2025-04-14 16:33:17.725 [http-nio-8888-exec-8] DEBUG com.asa.mapper.FilesMapper.insert - ==> Parameters: sunflowers1.jpg(String), http://124.71.79.248:8886/group1/M00/00/00/wKgPH2f8yE2AW_aoAAKXaJzmEhg597.jpg(String), 2025-04-14 16:33:17.722(Timestamp), 2025-04-14 16:33:17.722(Timestamp), 0(Integer), 1(Integer)
2025-04-14 16:33:17.905 [http-nio-8888-exec-8] DEBUG com.asa.mapper.FilesMapper.insert - <==    Updates: 1
2025-04-14 16:33:17.921 [http-nio-8888-exec-10] DEBUG com.asa.mapper.FilesMapper.selectList - ==>  Preparing: SELECT id,filename,storage_path,create_time,update_time,delete_flag,version FROM files WHERE delete_flag=0 ORDER BY id DESC 
2025-04-14 16:33:17.922 [http-nio-8888-exec-10] DEBUG com.asa.mapper.FilesMapper.selectList - ==> Parameters: 
2025-04-14 16:33:17.925 [http-nio-8888-exec-10] DEBUG com.asa.mapper.FilesMapper.selectList - <==      Total: 7
2025-04-14 16:33:26.152 [http-nio-8888-exec-1] DEBUG com.asa.mapper.FilesMapper.insert - ==>  Preparing: INSERT INTO files ( filename, storage_path, create_time, update_time, delete_flag, version ) VALUES ( ?, ?, ?, ?, ?, ? ) 
2025-04-14 16:33:26.153 [http-nio-8888-exec-1] DEBUG com.asa.mapper.FilesMapper.insert - ==> Parameters: tulips1.jpg(String), http://124.71.79.248:8886/group1/M00/00/00/wKgPH2f8yFaAXQXMAAXe4A5w_IE057.jpg(String), 2025-04-14 16:33:26.149(Timestamp), 2025-04-14 16:33:26.149(Timestamp), 0(Integer), 1(Integer)
2025-04-14 16:33:26.229 [http-nio-8888-exec-1] DEBUG com.asa.mapper.FilesMapper.insert - <==    Updates: 1
2025-04-14 16:33:26.550 [http-nio-8888-exec-2] DEBUG com.asa.mapper.FilesMapper.selectList - ==>  Preparing: SELECT id,filename,storage_path,create_time,update_time,delete_flag,version FROM files WHERE delete_flag=0 ORDER BY id DESC 
2025-04-14 16:33:26.550 [http-nio-8888-exec-2] DEBUG com.asa.mapper.FilesMapper.selectList - ==> Parameters: 
2025-04-14 16:33:26.552 [http-nio-8888-exec-2] DEBUG com.asa.mapper.FilesMapper.selectList - <==      Total: 8
2025-04-14 16:35:14.392 [http-nio-8888-exec-3] DEBUG com.asa.mapper.FilesMapper.insert - ==>  Preparing: INSERT INTO files ( filename, storage_path, create_time, update_time, delete_flag, version ) VALUES ( ?, ?, ?, ?, ?, ? ) 
2025-04-14 16:35:14.394 [http-nio-8888-exec-3] DEBUG com.asa.mapper.FilesMapper.insert - ==> Parameters: daisy1.jpg(String), http://124.71.79.248:8886/group1/M00/00/00/wKgPH2f8yMKAUvOjAAEXJp4ztPo491.jpg(String), 2025-04-14 16:35:14.389(Timestamp), 2025-04-14 16:35:14.389(Timestamp), 0(Integer), 1(Integer)
2025-04-14 16:35:14.462 [http-nio-8888-exec-3] DEBUG com.asa.mapper.FilesMapper.insert - <==    Updates: 1
2025-04-14 16:35:14.800 [http-nio-8888-exec-5] DEBUG com.asa.mapper.FilesMapper.selectList - ==>  Preparing: SELECT id,filename,storage_path,create_time,update_time,delete_flag,version FROM files WHERE delete_flag=0 ORDER BY id DESC 
2025-04-14 16:35:14.802 [http-nio-8888-exec-5] DEBUG com.asa.mapper.FilesMapper.selectList - ==> Parameters: 
2025-04-14 16:35:14.806 [http-nio-8888-exec-5] DEBUG com.asa.mapper.FilesMapper.selectList - <==      Total: 1
2025-04-14 16:36:03.764 [http-nio-8888-exec-6] DEBUG com.asa.mapper.FilesMapper.insert - ==>  Preparing: INSERT INTO files ( filename, storage_path, create_time, update_time, delete_flag, version ) VALUES ( ?, ?, ?, ?, ?, ? ) 
2025-04-14 16:36:03.767 [http-nio-8888-exec-6] DEBUG com.asa.mapper.FilesMapper.insert - ==> Parameters: roses1.jpg(String), http://124.71.79.248:8886/group1/M00/00/00/wKgPH2f8yPOAM2TcAAB8KEOF8VU430.jpg(String), 2025-04-14 16:36:03.762(Timestamp), 2025-04-14 16:36:03.762(Timestamp), 0(Integer), 1(Integer)
2025-04-14 16:36:03.860 [http-nio-8888-exec-6] DEBUG com.asa.mapper.FilesMapper.insert - <==    Updates: 1
2025-04-14 16:36:03.875 [http-nio-8888-exec-7] DEBUG com.asa.mapper.FilesMapper.selectList - ==>  Preparing: SELECT id,filename,storage_path,create_time,update_time,delete_flag,version FROM files WHERE delete_flag=0 ORDER BY id DESC 
2025-04-14 16:36:03.876 [http-nio-8888-exec-7] DEBUG com.asa.mapper.FilesMapper.selectList - ==> Parameters: 
2025-04-14 16:36:03.877 [http-nio-8888-exec-7] DEBUG com.asa.mapper.FilesMapper.selectList - <==      Total: 2
2025-04-14 16:36:06.706 [http-nio-8888-exec-9] DEBUG com.asa.mapper.FilesMapper.selectById - ==>  Preparing: SELECT id,filename,storage_path,create_time,update_time,delete_flag,version FROM files WHERE id=? AND delete_flag=0 
2025-04-14 16:36:06.708 [http-nio-8888-exec-9] DEBUG com.asa.mapper.FilesMapper.selectById - ==> Parameters: 54(Integer)
2025-04-14 16:36:06.709 [http-nio-8888-exec-9] DEBUG com.asa.mapper.FilesMapper.selectById - <==      Total: 1
2025-04-14 16:36:06.826 [http-nio-8888-exec-9] DEBUG com.asa.mapper.FilesMapper.deleteById - ==>  Preparing: UPDATE files SET delete_flag=1 WHERE id=? AND delete_flag=0 
2025-04-14 16:36:06.826 [http-nio-8888-exec-9] DEBUG com.asa.mapper.FilesMapper.deleteById - ==> Parameters: 54(Integer)
2025-04-14 16:36:06.920 [http-nio-8888-exec-9] DEBUG com.asa.mapper.FilesMapper.deleteById - <==    Updates: 1
2025-04-14 16:36:14.149 [http-nio-8888-exec-8] DEBUG com.asa.mapper.FilesMapper.insert - ==>  Preparing: INSERT INTO files ( filename, storage_path, create_time, update_time, delete_flag, version ) VALUES ( ?, ?, ?, ?, ?, ? ) 
2025-04-14 16:36:14.150 [http-nio-8888-exec-8] DEBUG com.asa.mapper.FilesMapper.insert - ==> Parameters: sunflowers1.jpg(String), http://124.71.79.248:8886/group1/M00/00/00/wKgPH2f8yP6AKUm8AAKXaJzmEhg298.jpg(String), 2025-04-14 16:36:14.146(Timestamp), 2025-04-14 16:36:14.147(Timestamp), 0(Integer), 1(Integer)
2025-04-14 16:36:14.222 [http-nio-8888-exec-8] DEBUG com.asa.mapper.FilesMapper.insert - <==    Updates: 1
2025-04-14 16:36:14.546 [http-nio-8888-exec-10] DEBUG com.asa.mapper.FilesMapper.selectList - ==>  Preparing: SELECT id,filename,storage_path,create_time,update_time,delete_flag,version FROM files WHERE delete_flag=0 ORDER BY id DESC 
2025-04-14 16:36:14.547 [http-nio-8888-exec-10] DEBUG com.asa.mapper.FilesMapper.selectList - ==> Parameters: 
2025-04-14 16:36:14.548 [http-nio-8888-exec-10] DEBUG com.asa.mapper.FilesMapper.selectList - <==      Total: 2
2025-04-14 16:36:19.125 [http-nio-8888-exec-1] DEBUG com.asa.mapper.FilesMapper.insert - ==>  Preparing: INSERT INTO files ( filename, storage_path, create_time, update_time, delete_flag, version ) VALUES ( ?, ?, ?, ?, ?, ? ) 
2025-04-14 16:36:19.127 [http-nio-8888-exec-1] DEBUG com.asa.mapper.FilesMapper.insert - ==> Parameters: tulips1.jpg(String), http://124.71.79.248:8886/group1/M00/00/00/wKgPH2f8yQOAJkVHAAXe4A5w_IE262.jpg(String), 2025-04-14 16:36:19.124(Timestamp), 2025-04-14 16:36:19.124(Timestamp), 0(Integer), 1(Integer)
2025-04-14 16:36:19.310 [http-nio-8888-exec-1] DEBUG com.asa.mapper.FilesMapper.insert - <==    Updates: 1
2025-04-14 16:36:19.325 [http-nio-8888-exec-2] DEBUG com.asa.mapper.FilesMapper.selectList - ==>  Preparing: SELECT id,filename,storage_path,create_time,update_time,delete_flag,version FROM files WHERE delete_flag=0 ORDER BY id DESC 
2025-04-14 16:36:19.326 [http-nio-8888-exec-2] DEBUG com.asa.mapper.FilesMapper.selectList - ==> Parameters: 
2025-04-14 16:36:19.328 [http-nio-8888-exec-2] DEBUG com.asa.mapper.FilesMapper.selectList - <==      Total: 3
2025-04-14 16:36:23.300 [http-nio-8888-exec-4] DEBUG com.asa.mapper.FilesMapper.selectById - ==>  Preparing: SELECT id,filename,storage_path,create_time,update_time,delete_flag,version FROM files WHERE id=? AND delete_flag=0 
2025-04-14 16:36:23.301 [http-nio-8888-exec-4] DEBUG com.asa.mapper.FilesMapper.selectById - ==> Parameters: 56(Integer)
2025-04-14 16:36:23.302 [http-nio-8888-exec-4] DEBUG com.asa.mapper.FilesMapper.selectById - <==      Total: 1
2025-04-14 16:36:23.416 [http-nio-8888-exec-4] DEBUG com.asa.mapper.FilesMapper.deleteById - ==>  Preparing: UPDATE files SET delete_flag=1 WHERE id=? AND delete_flag=0 
2025-04-14 16:36:23.417 [http-nio-8888-exec-4] DEBUG com.asa.mapper.FilesMapper.deleteById - ==> Parameters: 56(Integer)
2025-04-14 16:36:23.474 [http-nio-8888-exec-4] DEBUG com.asa.mapper.FilesMapper.deleteById - <==    Updates: 1
2025-04-14 16:51:28.783 [http-nio-8888-exec-6] DEBUG com.asa.mapper.FilesMapper.insert - ==>  Preparing: INSERT INTO files ( filename, storage_path, create_time, update_time, delete_flag, version ) VALUES ( ?, ?, ?, ?, ?, ? ) 
2025-04-14 16:51:28.784 [http-nio-8888-exec-6] DEBUG com.asa.mapper.FilesMapper.insert - ==> Parameters: df54eaa0b48e23cfa2d3cab046962a21.jpg(String), http://124.71.79.248:8886/group1/M00/00/00/wKgPH2f8zJCATtb2AAX8IYURBIE286.jpg(String), 2025-04-14 16:51:28.778(Timestamp), 2025-04-14 16:51:28.778(Timestamp), 0(Integer), 1(Integer)
2025-04-14 16:51:28.866 [http-nio-8888-exec-6] DEBUG com.asa.mapper.FilesMapper.insert - <==    Updates: 1
2025-04-14 16:51:28.976 [http-nio-8888-exec-7] DEBUG com.asa.mapper.FilesMapper.selectList - ==>  Preparing: SELECT id,filename,storage_path,create_time,update_time,delete_flag,version FROM files WHERE delete_flag=0 ORDER BY id DESC 
2025-04-14 16:51:28.977 [http-nio-8888-exec-7] DEBUG com.asa.mapper.FilesMapper.selectList - ==> Parameters: 
2025-04-14 16:51:28.979 [http-nio-8888-exec-7] DEBUG com.asa.mapper.FilesMapper.selectList - <==      Total: 3
2025-04-14 17:14:59.787 [http-nio-8888-exec-8] DEBUG com.asa.mapper.BackUserMapper.getUserByName - ==>  Preparing: select * from back_user where name = ? 
2025-04-14 17:14:59.788 [http-nio-8888-exec-8] DEBUG com.asa.mapper.BackUserMapper.getUserByName - ==> Parameters: zhangsan(String)
2025-04-14 17:14:59.791 [http-nio-8888-exec-8] DEBUG com.asa.mapper.BackUserMapper.getUserByName - <==      Total: 1
2025-04-14 17:24:24.709 [http-nio-8888-exec-1] DEBUG com.asa.mapper.FilesMapper.insert - ==>  Preparing: INSERT INTO files ( filename, storage_path, create_time, update_time, delete_flag, version ) VALUES ( ?, ?, ?, ?, ?, ? ) 
2025-04-14 17:24:24.711 [http-nio-8888-exec-1] DEBUG com.asa.mapper.FilesMapper.insert - ==> Parameters: roses1.jpg(String), http://124.71.79.248:8886/group1/M00/00/00/wKgPH2f81EiAJp1KAAB8KEOF8VU779.jpg(String), 2025-04-14 17:24:24.706(Timestamp), 2025-04-14 17:24:24.706(Timestamp), 0(Integer), 1(Integer)
2025-04-14 17:24:24.848 [http-nio-8888-exec-1] DEBUG com.asa.mapper.FilesMapper.insert - <==    Updates: 1
2025-04-14 17:24:25.177 [http-nio-8888-exec-2] DEBUG com.asa.mapper.FilesMapper.selectList - ==>  Preparing: SELECT id,filename,storage_path,create_time,update_time,delete_flag,version FROM files WHERE delete_flag=0 ORDER BY id DESC 
2025-04-14 17:24:25.177 [http-nio-8888-exec-2] DEBUG com.asa.mapper.FilesMapper.selectList - ==> Parameters: 
2025-04-14 17:24:25.179 [http-nio-8888-exec-2] DEBUG com.asa.mapper.FilesMapper.selectList - <==      Total: 4
2025-04-14 17:25:19.887 [http-nio-8888-exec-4] DEBUG com.asa.mapper.FilesMapper.insert - ==>  Preparing: INSERT INTO files ( filename, storage_path, create_time, update_time, delete_flag, version ) VALUES ( ?, ?, ?, ?, ?, ? ) 
2025-04-14 17:25:19.888 [http-nio-8888-exec-4] DEBUG com.asa.mapper.FilesMapper.insert - ==> Parameters: sunflowers1.jpg(String), http://124.71.79.248:8886/group1/M00/00/00/wKgPH2f81ICAYqBpAAKXaJzmEhg676.jpg(String), 2025-04-14 17:25:19.886(Timestamp), 2025-04-14 17:25:19.886(Timestamp), 0(Integer), 1(Integer)
2025-04-14 17:25:19.957 [http-nio-8888-exec-4] DEBUG com.asa.mapper.FilesMapper.insert - <==    Updates: 1
2025-04-14 17:25:20.300 [http-nio-8888-exec-3] DEBUG com.asa.mapper.FilesMapper.selectList - ==>  Preparing: SELECT id,filename,storage_path,create_time,update_time,delete_flag,version FROM files WHERE delete_flag=0 ORDER BY id DESC 
2025-04-14 17:25:20.301 [http-nio-8888-exec-3] DEBUG com.asa.mapper.FilesMapper.selectList - ==> Parameters: 
2025-04-14 17:25:20.303 [http-nio-8888-exec-3] DEBUG com.asa.mapper.FilesMapper.selectList - <==      Total: 5
2025-04-14 17:25:47.482 [http-nio-8888-exec-5] DEBUG com.asa.mapper.FilesMapper.insert - ==>  Preparing: INSERT INTO files ( filename, storage_path, create_time, update_time, delete_flag, version ) VALUES ( ?, ?, ?, ?, ?, ? ) 
2025-04-14 17:25:47.482 [http-nio-8888-exec-5] DEBUG com.asa.mapper.FilesMapper.insert - ==> Parameters: tulips1.jpg(String), http://124.71.79.248:8886/group1/M00/00/00/wKgPH2f81JuAXuRGAAXe4A5w_IE231.jpg(String), 2025-04-14 17:25:47.48(Timestamp), 2025-04-14 17:25:47.48(Timestamp), 0(Integer), 1(Integer)
2025-04-14 17:25:47.584 [http-nio-8888-exec-5] DEBUG com.asa.mapper.FilesMapper.insert - <==    Updates: 1
2025-04-14 17:25:47.597 [http-nio-8888-exec-6] DEBUG com.asa.mapper.FilesMapper.selectList - ==>  Preparing: SELECT id,filename,storage_path,create_time,update_time,delete_flag,version FROM files WHERE delete_flag=0 ORDER BY id DESC 
2025-04-14 17:25:47.597 [http-nio-8888-exec-6] DEBUG com.asa.mapper.FilesMapper.selectList - ==> Parameters: 
2025-04-14 17:25:47.599 [http-nio-8888-exec-6] DEBUG com.asa.mapper.FilesMapper.selectList - <==      Total: 6
2025-04-14 17:26:19.443 [http-nio-8888-exec-7] DEBUG com.asa.mapper.FilesMapper.insert - ==>  Preparing: INSERT INTO files ( filename, storage_path, create_time, update_time, delete_flag, version ) VALUES ( ?, ?, ?, ?, ?, ? ) 
2025-04-14 17:26:19.444 [http-nio-8888-exec-7] DEBUG com.asa.mapper.FilesMapper.insert - ==> Parameters: roses1.jpg(String), http://124.71.79.248:8886/group1/M00/00/00/wKgPH2f81LuADfTtAAB8KEOF8VU418.jpg(String), 2025-04-14 17:26:19.441(Timestamp), 2025-04-14 17:26:19.441(Timestamp), 0(Integer), 1(Integer)
2025-04-14 17:26:19.527 [http-nio-8888-exec-7] DEBUG com.asa.mapper.FilesMapper.insert - <==    Updates: 1
2025-04-14 17:26:19.543 [http-nio-8888-exec-9] DEBUG com.asa.mapper.FilesMapper.selectList - ==>  Preparing: SELECT id,filename,storage_path,create_time,update_time,delete_flag,version FROM files WHERE delete_flag=0 ORDER BY id DESC 
2025-04-14 17:26:19.544 [http-nio-8888-exec-9] DEBUG com.asa.mapper.FilesMapper.selectList - ==> Parameters: 
2025-04-14 17:26:19.546 [http-nio-8888-exec-9] DEBUG com.asa.mapper.FilesMapper.selectList - <==      Total: 7
2025-04-14 17:26:27.067 [http-nio-8888-exec-8] DEBUG com.asa.mapper.FilesMapper.selectById - ==>  Preparing: SELECT id,filename,storage_path,create_time,update_time,delete_flag,version FROM files WHERE id=? AND delete_flag=0 
2025-04-14 17:26:27.068 [http-nio-8888-exec-8] DEBUG com.asa.mapper.FilesMapper.selectById - ==> Parameters: 61(Integer)
2025-04-14 17:26:27.070 [http-nio-8888-exec-8] DEBUG com.asa.mapper.FilesMapper.selectById - <==      Total: 1
2025-04-14 17:26:27.192 [http-nio-8888-exec-8] DEBUG com.asa.mapper.FilesMapper.deleteById - ==>  Preparing: UPDATE files SET delete_flag=1 WHERE id=? AND delete_flag=0 
2025-04-14 17:26:27.192 [http-nio-8888-exec-8] DEBUG com.asa.mapper.FilesMapper.deleteById - ==> Parameters: 61(Integer)
2025-04-14 17:26:27.280 [http-nio-8888-exec-8] DEBUG com.asa.mapper.FilesMapper.deleteById - <==    Updates: 1
2025-04-14 17:30:48.530 [http-nio-8888-exec-1] DEBUG com.asa.mapper.FilesMapper.insert - ==>  Preparing: INSERT INTO files ( filename, storage_path, create_time, update_time, delete_flag, version ) VALUES ( ?, ?, ?, ?, ?, ? ) 
2025-04-14 17:30:48.531 [http-nio-8888-exec-1] DEBUG com.asa.mapper.FilesMapper.insert - ==> Parameters: df54eaa0b48e23cfa2d3cab046962a21.jpg(String), http://124.71.79.248:8886/group1/M00/00/00/wKgPH2f81ciAQ3DiAAX8IYURBIE835.jpg(String), 2025-04-14 17:30:48.529(Timestamp), 2025-04-14 17:30:48.529(Timestamp), 0(Integer), 1(Integer)
2025-04-14 17:30:48.598 [http-nio-8888-exec-1] DEBUG com.asa.mapper.FilesMapper.insert - <==    Updates: 1
2025-04-14 17:30:48.676 [http-nio-8888-exec-2] DEBUG com.asa.mapper.FilesMapper.selectList - ==>  Preparing: SELECT id,filename,storage_path,create_time,update_time,delete_flag,version FROM files WHERE delete_flag=0 ORDER BY id DESC 
2025-04-14 17:30:48.677 [http-nio-8888-exec-2] DEBUG com.asa.mapper.FilesMapper.selectList - ==> Parameters: 
2025-04-14 17:30:48.678 [http-nio-8888-exec-2] DEBUG com.asa.mapper.FilesMapper.selectList - <==      Total: 7
2025-04-14 18:00:32.015 [main] DEBUG com.asa.TestAutoGenerator - Running with Spring Boot v2.6.13, Spring v5.3.23
2025-04-14 18:02:51.647 [main] DEBUG com.asa.TestAutoGenerator - Running with Spring Boot v2.6.13, Spring v5.3.23
2025-04-14 18:03:49.834 [main] DEBUG com.asa.TestAutoGenerator - Running with Spring Boot v2.6.13, Spring v5.3.23
2025-04-14 18:26:32.388 [restartedMain] DEBUG com.asa.BackendApplication - Running with Spring Boot v2.6.13, Spring v5.3.23
2025-04-14 18:26:52.999 [http-nio-8888-exec-1] DEBUG com.asa.mapper.BackUserMapper.getUserByName - ==>  Preparing: select * from back_user where name = ? 
2025-04-14 18:26:53.046 [http-nio-8888-exec-1] DEBUG com.asa.mapper.BackUserMapper.getUserByName - ==> Parameters: zhangsan(String)
2025-04-14 18:26:53.090 [http-nio-8888-exec-1] DEBUG com.asa.mapper.BackUserMapper.getUserByName - <==      Total: 1
2025-04-14 18:36:53.848 [http-nio-8888-exec-2] DEBUG com.asa.mapper.BackUserMapper.getUserByName - ==>  Preparing: select * from back_user where name = ? 
2025-04-14 18:36:53.850 [http-nio-8888-exec-2] DEBUG com.asa.mapper.BackUserMapper.getUserByName - ==> Parameters: zhangsan(String)
2025-04-14 18:36:53.854 [http-nio-8888-exec-2] DEBUG com.asa.mapper.BackUserMapper.getUserByName - <==      Total: 1
2025-04-14 19:07:11.449 [http-nio-8888-exec-4] DEBUG com.asa.mapper.BackUserMapper.getUserByName - ==>  Preparing: select * from back_user where name = ? 
2025-04-14 19:07:11.450 [http-nio-8888-exec-4] DEBUG com.asa.mapper.BackUserMapper.getUserByName - ==> Parameters: zhangsan(String)
2025-04-14 19:07:11.456 [http-nio-8888-exec-4] DEBUG com.asa.mapper.BackUserMapper.getUserByName - <==      Total: 1
2025-04-14 19:35:26.203 [restartedMain] DEBUG com.asa.BackendApplication - Running with Spring Boot v2.6.13, Spring v5.3.23
2025-04-14 19:36:43.325 [restartedMain] DEBUG com.asa.BackendApplication - Running with Spring Boot v2.6.13, Spring v5.3.23
2025-04-14 19:41:19.229 [restartedMain] DEBUG com.asa.BackendApplication - Running with Spring Boot v2.6.13, Spring v5.3.23
2025-04-14 19:44:17.867 [restartedMain] DEBUG com.asa.BackendApplication - Running with Spring Boot v2.6.13, Spring v5.3.23
2025-04-14 19:45:21.064 [http-nio-8888-exec-10] DEBUG com.asa.mapper.QuestionItemMapper.insert - ==>  Preparing: INSERT INTO question_item ( item_id, item, create_time, update_time, delete_flag, version ) VALUES ( ?, ?, ?, ?, ?, ? ) 
2025-04-14 19:45:21.091 [http-nio-8888-exec-10] DEBUG com.asa.mapper.QuestionItemMapper.insert - ==> Parameters: 1911747594581741569(Long), daisy雏菊(String), 2025-04-14 19:45:19.759(Timestamp), 2025-04-14 19:45:19.761(Timestamp), 0(Integer), 1(Integer)
2025-04-14 19:47:45.523 [restartedMain] DEBUG com.asa.BackendApplication - Running with Spring Boot v2.6.13, Spring v5.3.23
2025-04-14 19:49:16.865 [restartedMain] DEBUG com.asa.BackendApplication - Running with Spring Boot v2.6.13, Spring v5.3.23
2025-04-14 19:49:43.432 [http-nio-8888-exec-10] DEBUG com.asa.mapper.QuestionItemMapper.insert - ==>  Preparing: INSERT INTO question_item ( item, create_time, update_time, delete_flag, version ) VALUES ( ?, ?, ?, ?, ? ) 
2025-04-14 19:49:43.458 [http-nio-8888-exec-10] DEBUG com.asa.mapper.QuestionItemMapper.insert - ==> Parameters: 雏菊daisy(String), 2025-04-14 19:49:42.235(Timestamp), 2025-04-14 19:49:42.238(Timestamp), 0(Integer), 1(Integer)
2025-04-14 19:50:34.194 [http-nio-8888-exec-8] DEBUG com.asa.mapper.QuestionItemMapper.insert - ==>  Preparing: INSERT INTO question_item ( item, create_time, update_time, delete_flag, version ) VALUES ( ?, ?, ?, ?, ? ) 
2025-04-14 19:50:34.195 [http-nio-8888-exec-8] DEBUG com.asa.mapper.QuestionItemMapper.insert - ==> Parameters: 雏菊daisy(String), 2025-04-14 19:50:34.191(Timestamp), 2025-04-14 19:50:34.191(Timestamp), 0(Integer), 1(Integer)
2025-04-14 19:52:46.465 [http-nio-8888-exec-3] DEBUG com.asa.mapper.QuestionItemMapper.insert - ==>  Preparing: INSERT INTO question_item ( item, create_time, update_time, delete_flag, version ) VALUES ( ?, ?, ?, ?, ? ) 
2025-04-14 19:52:46.466 [http-nio-8888-exec-3] DEBUG com.asa.mapper.QuestionItemMapper.insert - ==> Parameters: 雏菊daisy(String), 2025-04-14 19:52:46.463(Timestamp), 2025-04-14 19:52:46.463(Timestamp), 0(Integer), 1(Integer)
2025-04-14 19:52:46.552 [http-nio-8888-exec-3] DEBUG com.asa.mapper.QuestionItemMapper.insert - <==    Updates: 1
2025-04-14 19:53:23.732 [http-nio-8888-exec-1] DEBUG com.asa.mapper.QuestionItemMapper.insert - ==>  Preparing: INSERT INTO question_item ( item, create_time, update_time, delete_flag, version ) VALUES ( ?, ?, ?, ?, ? ) 
2025-04-14 19:53:23.734 [http-nio-8888-exec-1] DEBUG com.asa.mapper.QuestionItemMapper.insert - ==> Parameters: 向日葵dandelion(String), 2025-04-14 19:53:23.73(Timestamp), 2025-04-14 19:53:23.73(Timestamp), 0(Integer), 1(Integer)
2025-04-14 19:53:23.868 [http-nio-8888-exec-1] DEBUG com.asa.mapper.QuestionItemMapper.insert - <==    Updates: 1
2025-04-14 19:53:36.701 [http-nio-8888-exec-6] DEBUG com.asa.mapper.QuestionItemMapper.insert - ==>  Preparing: INSERT INTO question_item ( item, create_time, update_time, delete_flag, version ) VALUES ( ?, ?, ?, ?, ? ) 
2025-04-14 19:53:36.702 [http-nio-8888-exec-6] DEBUG com.asa.mapper.QuestionItemMapper.insert - ==> Parameters: 玫瑰花roses(String), 2025-04-14 19:53:36.7(Timestamp), 2025-04-14 19:53:36.7(Timestamp), 0(Integer), 1(Integer)
2025-04-14 19:53:36.800 [http-nio-8888-exec-6] DEBUG com.asa.mapper.QuestionItemMapper.insert - <==    Updates: 1
2025-04-14 19:53:47.914 [http-nio-8888-exec-2] DEBUG com.asa.mapper.QuestionItemMapper.insert - ==>  Preparing: INSERT INTO question_item ( item, create_time, update_time, delete_flag, version ) VALUES ( ?, ?, ?, ?, ? ) 
2025-04-14 19:53:47.915 [http-nio-8888-exec-2] DEBUG com.asa.mapper.QuestionItemMapper.insert - ==> Parameters: 向日葵sunflowers(String), 2025-04-14 19:53:47.912(Timestamp), 2025-04-14 19:53:47.912(Timestamp), 0(Integer), 1(Integer)
2025-04-14 19:53:48.032 [http-nio-8888-exec-2] DEBUG com.asa.mapper.QuestionItemMapper.insert - <==    Updates: 1
2025-04-14 19:54:00.893 [http-nio-8888-exec-8] DEBUG com.asa.mapper.QuestionItemMapper.insert - ==>  Preparing: INSERT INTO question_item ( item, create_time, update_time, delete_flag, version ) VALUES ( ?, ?, ?, ?, ? ) 
2025-04-14 19:54:00.894 [http-nio-8888-exec-8] DEBUG com.asa.mapper.QuestionItemMapper.insert - ==> Parameters: 郁金香tulips(String), 2025-04-14 19:54:00.891(Timestamp), 2025-04-14 19:54:00.891(Timestamp), 0(Integer), 1(Integer)
2025-04-14 19:54:01.033 [http-nio-8888-exec-8] DEBUG com.asa.mapper.QuestionItemMapper.insert - <==    Updates: 1
2025-04-14 21:09:23.104 [http-nio-8888-exec-1] DEBUG com.asa.mapper.BackUserMapper.getUserByName - ==>  Preparing: select * from back_user where name = ? 
2025-04-14 21:09:23.105 [http-nio-8888-exec-1] DEBUG com.asa.mapper.BackUserMapper.getUserByName - ==> Parameters: zhangsan(String)
2025-04-14 21:09:23.124 [http-nio-8888-exec-1] DEBUG com.asa.mapper.BackUserMapper.getUserByName - <==      Total: 1
2025-04-14 21:30:47.167 [restartedMain] DEBUG com.asa.BackendApplication - Running with Spring Boot v2.6.13, Spring v5.3.23
2025-04-14 21:37:10.944 [http-nio-8888-exec-1] DEBUG com.asa.mapper.BackUserMapper.getUserByName - ==>  Preparing: select * from back_user where name = ? 
2025-04-14 21:37:10.946 [http-nio-8888-exec-2] DEBUG com.asa.mapper.BackUserMapper.getUserByName - ==>  Preparing: select * from back_user where name = ? 
2025-04-14 21:37:11.068 [http-nio-8888-exec-1] DEBUG com.asa.mapper.BackUserMapper.getUserByName - ==> Parameters: zhangsan(String)
2025-04-14 21:37:11.068 [http-nio-8888-exec-2] DEBUG com.asa.mapper.BackUserMapper.getUserByName - ==> Parameters: zhangsan(String)
2025-04-14 21:37:11.131 [http-nio-8888-exec-1] DEBUG com.asa.mapper.BackUserMapper.getUserByName - <==      Total: 1
2025-04-14 21:37:11.131 [http-nio-8888-exec-2] DEBUG com.asa.mapper.BackUserMapper.getUserByName - <==      Total: 1
2025-04-14 21:40:01.617 [http-nio-8888-exec-3] DEBUG com.asa.mapper.QuestionItemMapper.selectList - ==>  Preparing: SELECT item_id,item,create_time,update_time,delete_flag,version FROM question_item WHERE delete_flag=0 ORDER BY item_id DESC 
2025-04-14 21:40:01.619 [http-nio-8888-exec-3] DEBUG com.asa.mapper.QuestionItemMapper.selectList - ==> Parameters: 
2025-04-14 21:40:01.629 [http-nio-8888-exec-3] DEBUG com.asa.mapper.QuestionItemMapper.selectList - <==      Total: 5
2025-04-14 21:40:39.526 [http-nio-8888-exec-4] DEBUG com.asa.mapper.QuestionItemMapper.selectList - ==>  Preparing: SELECT item_id,item,create_time,update_time,delete_flag,version FROM question_item WHERE delete_flag=0 ORDER BY item_id DESC 
2025-04-14 21:40:39.527 [http-nio-8888-exec-4] DEBUG com.asa.mapper.QuestionItemMapper.selectList - ==> Parameters: 
2025-04-14 21:40:39.536 [http-nio-8888-exec-4] DEBUG com.asa.mapper.QuestionItemMapper.selectList - <==      Total: 5
2025-04-14 21:40:42.846 [http-nio-8888-exec-5] DEBUG com.asa.mapper.QuestionItemMapper.selectList - ==>  Preparing: SELECT item_id,item,create_time,update_time,delete_flag,version FROM question_item WHERE delete_flag=0 ORDER BY item_id DESC 
2025-04-14 21:40:42.848 [http-nio-8888-exec-5] DEBUG com.asa.mapper.QuestionItemMapper.selectList - ==> Parameters: 
2025-04-14 21:40:42.857 [http-nio-8888-exec-5] DEBUG com.asa.mapper.QuestionItemMapper.selectList - <==      Total: 5
2025-04-14 21:43:21.399 [http-nio-8888-exec-6] DEBUG com.asa.mapper.QuestionItemMapper.selectList - ==>  Preparing: SELECT item_id,item,create_time,update_time,delete_flag,version FROM question_item WHERE delete_flag=0 ORDER BY item_id DESC 
2025-04-14 21:43:21.400 [http-nio-8888-exec-6] DEBUG com.asa.mapper.QuestionItemMapper.selectList - ==> Parameters: 
2025-04-14 21:43:21.406 [http-nio-8888-exec-6] DEBUG com.asa.mapper.QuestionItemMapper.selectList - <==      Total: 5
2025-04-14 21:46:07.611 [http-nio-8888-exec-7] DEBUG com.asa.mapper.QuestionItemMapper.selectList - ==>  Preparing: SELECT item_id,item,create_time,update_time,delete_flag,version FROM question_item WHERE delete_flag=0 ORDER BY item_id DESC 
2025-04-14 21:46:07.613 [http-nio-8888-exec-7] DEBUG com.asa.mapper.QuestionItemMapper.selectList - ==> Parameters: 
2025-04-14 21:46:07.621 [http-nio-8888-exec-7] DEBUG com.asa.mapper.QuestionItemMapper.selectList - <==      Total: 5
2025-04-14 21:46:42.040 [http-nio-8888-exec-8] DEBUG com.asa.mapper.QuestionItemMapper.selectList - ==>  Preparing: SELECT item_id,item,create_time,update_time,delete_flag,version FROM question_item WHERE delete_flag=0 ORDER BY item_id DESC 
2025-04-14 21:46:42.043 [http-nio-8888-exec-8] DEBUG com.asa.mapper.QuestionItemMapper.selectList - ==> Parameters: 
2025-04-14 21:46:42.049 [http-nio-8888-exec-8] DEBUG com.asa.mapper.QuestionItemMapper.selectList - <==      Total: 5
2025-04-14 21:46:44.318 [http-nio-8888-exec-9] DEBUG com.asa.mapper.QuestionItemMapper.selectList - ==>  Preparing: SELECT item_id,item,create_time,update_time,delete_flag,version FROM question_item WHERE delete_flag=0 ORDER BY item_id DESC 
2025-04-14 21:46:44.319 [http-nio-8888-exec-9] DEBUG com.asa.mapper.QuestionItemMapper.selectList - ==> Parameters: 
2025-04-14 21:46:44.327 [http-nio-8888-exec-9] DEBUG com.asa.mapper.QuestionItemMapper.selectList - <==      Total: 5
2025-04-14 21:46:50.038 [http-nio-8888-exec-10] DEBUG com.asa.mapper.QuestionItemMapper.selectList - ==>  Preparing: SELECT item_id,item,create_time,update_time,delete_flag,version FROM question_item WHERE delete_flag=0 ORDER BY item_id DESC 
2025-04-14 21:46:50.041 [http-nio-8888-exec-10] DEBUG com.asa.mapper.QuestionItemMapper.selectList - ==> Parameters: 
2025-04-14 21:46:50.052 [http-nio-8888-exec-10] DEBUG com.asa.mapper.QuestionItemMapper.selectList - <==      Total: 5
2025-04-14 21:47:38.613 [http-nio-8888-exec-2] DEBUG com.asa.mapper.QuestionItemMapper.selectList - ==>  Preparing: SELECT item_id,item,create_time,update_time,delete_flag,version FROM question_item WHERE delete_flag=0 ORDER BY item_id DESC 
2025-04-14 21:47:38.615 [http-nio-8888-exec-2] DEBUG com.asa.mapper.QuestionItemMapper.selectList - ==> Parameters: 
2025-04-14 21:47:38.627 [http-nio-8888-exec-2] DEBUG com.asa.mapper.QuestionItemMapper.selectList - <==      Total: 5
2025-04-14 21:47:42.152 [http-nio-8888-exec-1] DEBUG com.asa.mapper.QuestionItemMapper.selectList - ==>  Preparing: SELECT item_id,item,create_time,update_time,delete_flag,version FROM question_item WHERE delete_flag=0 ORDER BY item_id DESC 
2025-04-14 21:47:42.154 [http-nio-8888-exec-1] DEBUG com.asa.mapper.QuestionItemMapper.selectList - ==> Parameters: 
2025-04-14 21:47:42.160 [http-nio-8888-exec-1] DEBUG com.asa.mapper.QuestionItemMapper.selectList - <==      Total: 5
2025-04-14 21:47:44.848 [http-nio-8888-exec-3] DEBUG com.asa.mapper.QuestionItemMapper.selectList - ==>  Preparing: SELECT item_id,item,create_time,update_time,delete_flag,version FROM question_item WHERE delete_flag=0 ORDER BY item_id DESC 
2025-04-14 21:47:44.850 [http-nio-8888-exec-3] DEBUG com.asa.mapper.QuestionItemMapper.selectList - ==> Parameters: 
2025-04-14 21:47:44.856 [http-nio-8888-exec-3] DEBUG com.asa.mapper.QuestionItemMapper.selectList - <==      Total: 5
2025-04-14 21:48:07.100 [http-nio-8888-exec-4] DEBUG com.asa.mapper.QuestionItemMapper.selectList - ==>  Preparing: SELECT item_id,item,create_time,update_time,delete_flag,version FROM question_item WHERE delete_flag=0 ORDER BY item_id DESC 
2025-04-14 21:48:07.102 [http-nio-8888-exec-4] DEBUG com.asa.mapper.QuestionItemMapper.selectList - ==> Parameters: 
2025-04-14 21:48:07.108 [http-nio-8888-exec-4] DEBUG com.asa.mapper.QuestionItemMapper.selectList - <==      Total: 5
2025-04-14 21:48:09.920 [http-nio-8888-exec-5] DEBUG com.asa.mapper.QuestionItemMapper.selectList - ==>  Preparing: SELECT item_id,item,create_time,update_time,delete_flag,version FROM question_item WHERE delete_flag=0 ORDER BY item_id DESC 
2025-04-14 21:48:09.924 [http-nio-8888-exec-5] DEBUG com.asa.mapper.QuestionItemMapper.selectList - ==> Parameters: 
2025-04-14 21:48:09.930 [http-nio-8888-exec-5] DEBUG com.asa.mapper.QuestionItemMapper.selectList - <==      Total: 5
2025-04-14 21:48:30.238 [http-nio-8888-exec-6] DEBUG com.asa.mapper.QuestionItemMapper.selectList - ==>  Preparing: SELECT item_id,item,create_time,update_time,delete_flag,version FROM question_item WHERE delete_flag=0 ORDER BY item_id DESC 
2025-04-14 21:48:30.241 [http-nio-8888-exec-6] DEBUG com.asa.mapper.QuestionItemMapper.selectList - ==> Parameters: 
2025-04-14 21:48:30.247 [http-nio-8888-exec-6] DEBUG com.asa.mapper.QuestionItemMapper.selectList - <==      Total: 5
2025-04-14 21:49:37.631 [http-nio-8888-exec-7] DEBUG com.asa.mapper.QuestionItemMapper.selectList - ==>  Preparing: SELECT item_id,item,create_time,update_time,delete_flag,version FROM question_item WHERE delete_flag=0 ORDER BY item_id DESC 
2025-04-14 21:49:37.634 [http-nio-8888-exec-7] DEBUG com.asa.mapper.QuestionItemMapper.selectList - ==> Parameters: 
2025-04-14 21:49:37.642 [http-nio-8888-exec-7] DEBUG com.asa.mapper.QuestionItemMapper.selectList - <==      Total: 5
2025-04-14 21:50:24.649 [http-nio-8888-exec-8] DEBUG com.asa.mapper.QuestionItemMapper.selectList - ==>  Preparing: SELECT item_id,item,create_time,update_time,delete_flag,version FROM question_item WHERE delete_flag=0 ORDER BY item_id DESC 
2025-04-14 21:50:24.650 [http-nio-8888-exec-8] DEBUG com.asa.mapper.QuestionItemMapper.selectList - ==> Parameters: 
2025-04-14 21:50:24.655 [http-nio-8888-exec-8] DEBUG com.asa.mapper.QuestionItemMapper.selectList - <==      Total: 5
2025-04-14 21:50:30.481 [http-nio-8888-exec-9] DEBUG com.asa.mapper.QuestionItemMapper.selectList - ==>  Preparing: SELECT item_id,item,create_time,update_time,delete_flag,version FROM question_item WHERE delete_flag=0 ORDER BY item_id DESC 
2025-04-14 21:50:30.482 [http-nio-8888-exec-9] DEBUG com.asa.mapper.QuestionItemMapper.selectList - ==> Parameters: 
2025-04-14 21:50:30.488 [http-nio-8888-exec-9] DEBUG com.asa.mapper.QuestionItemMapper.selectList - <==      Total: 5
2025-04-14 21:50:33.174 [http-nio-8888-exec-10] DEBUG com.asa.mapper.QuestionItemMapper.selectList - ==>  Preparing: SELECT item_id,item,create_time,update_time,delete_flag,version FROM question_item WHERE delete_flag=0 ORDER BY item_id DESC 
2025-04-14 21:50:33.175 [http-nio-8888-exec-10] DEBUG com.asa.mapper.QuestionItemMapper.selectList - ==> Parameters: 
2025-04-14 21:50:33.180 [http-nio-8888-exec-10] DEBUG com.asa.mapper.QuestionItemMapper.selectList - <==      Total: 5
2025-04-14 21:52:49.493 [http-nio-8888-exec-2] DEBUG com.asa.mapper.QuestionItemMapper.selectList - ==>  Preparing: SELECT item_id,item,create_time,update_time,delete_flag,version FROM question_item WHERE delete_flag=0 ORDER BY item_id DESC 
2025-04-14 21:52:49.495 [http-nio-8888-exec-2] DEBUG com.asa.mapper.QuestionItemMapper.selectList - ==> Parameters: 
2025-04-14 21:52:49.502 [http-nio-8888-exec-2] DEBUG com.asa.mapper.QuestionItemMapper.selectList - <==      Total: 5
2025-04-14 21:52:54.780 [http-nio-8888-exec-1] DEBUG com.asa.mapper.QuestionItemMapper.selectList - ==>  Preparing: SELECT item_id,item,create_time,update_time,delete_flag,version FROM question_item WHERE delete_flag=0 ORDER BY item_id DESC 
2025-04-14 21:52:54.782 [http-nio-8888-exec-1] DEBUG com.asa.mapper.QuestionItemMapper.selectList - ==> Parameters: 
2025-04-14 21:52:54.788 [http-nio-8888-exec-1] DEBUG com.asa.mapper.QuestionItemMapper.selectList - <==      Total: 5
2025-04-14 21:53:14.432 [http-nio-8888-exec-3] DEBUG com.asa.mapper.QuestionItemMapper.selectList - ==>  Preparing: SELECT item_id,item,create_time,update_time,delete_flag,version FROM question_item WHERE delete_flag=0 ORDER BY item_id DESC 
2025-04-14 21:53:14.434 [http-nio-8888-exec-3] DEBUG com.asa.mapper.QuestionItemMapper.selectList - ==> Parameters: 
2025-04-14 21:53:14.438 [http-nio-8888-exec-3] DEBUG com.asa.mapper.QuestionItemMapper.selectList - <==      Total: 5
2025-04-14 21:53:17.245 [http-nio-8888-exec-4] DEBUG com.asa.mapper.QuestionItemMapper.selectList - ==>  Preparing: SELECT item_id,item,create_time,update_time,delete_flag,version FROM question_item WHERE delete_flag=0 ORDER BY item_id DESC 
2025-04-14 21:53:17.247 [http-nio-8888-exec-4] DEBUG com.asa.mapper.QuestionItemMapper.selectList - ==> Parameters: 
2025-04-14 21:53:17.251 [http-nio-8888-exec-4] DEBUG com.asa.mapper.QuestionItemMapper.selectList - <==      Total: 5
2025-04-14 21:53:20.225 [http-nio-8888-exec-5] DEBUG com.asa.mapper.QuestionItemMapper.selectList - ==>  Preparing: SELECT item_id,item,create_time,update_time,delete_flag,version FROM question_item WHERE delete_flag=0 ORDER BY item_id DESC 
2025-04-14 21:53:20.227 [http-nio-8888-exec-5] DEBUG com.asa.mapper.QuestionItemMapper.selectList - ==> Parameters: 
2025-04-14 21:53:20.232 [http-nio-8888-exec-5] DEBUG com.asa.mapper.QuestionItemMapper.selectList - <==      Total: 5
2025-04-14 21:53:24.077 [http-nio-8888-exec-6] DEBUG com.asa.mapper.QuestionItemMapper.selectList - ==>  Preparing: SELECT item_id,item,create_time,update_time,delete_flag,version FROM question_item WHERE delete_flag=0 ORDER BY item_id DESC 
2025-04-14 21:53:24.079 [http-nio-8888-exec-6] DEBUG com.asa.mapper.QuestionItemMapper.selectList - ==> Parameters: 
2025-04-14 21:53:24.084 [http-nio-8888-exec-6] DEBUG com.asa.mapper.QuestionItemMapper.selectList - <==      Total: 5
2025-04-14 21:53:27.670 [http-nio-8888-exec-7] DEBUG com.asa.mapper.QuestionItemMapper.selectList - ==>  Preparing: SELECT item_id,item,create_time,update_time,delete_flag,version FROM question_item WHERE delete_flag=0 ORDER BY item_id DESC 
2025-04-14 21:53:27.671 [http-nio-8888-exec-7] DEBUG com.asa.mapper.QuestionItemMapper.selectList - ==> Parameters: 
2025-04-14 21:53:27.675 [http-nio-8888-exec-7] DEBUG com.asa.mapper.QuestionItemMapper.selectList - <==      Total: 5
2025-04-14 21:53:29.444 [http-nio-8888-exec-8] DEBUG com.asa.mapper.QuestionItemMapper.selectList - ==>  Preparing: SELECT item_id,item,create_time,update_time,delete_flag,version FROM question_item WHERE delete_flag=0 ORDER BY item_id DESC 
2025-04-14 21:53:29.446 [http-nio-8888-exec-8] DEBUG com.asa.mapper.QuestionItemMapper.selectList - ==> Parameters: 
2025-04-14 21:53:29.451 [http-nio-8888-exec-8] DEBUG com.asa.mapper.QuestionItemMapper.selectList - <==      Total: 5
2025-04-14 21:53:31.853 [http-nio-8888-exec-9] DEBUG com.asa.mapper.QuestionItemMapper.selectList - ==>  Preparing: SELECT item_id,item,create_time,update_time,delete_flag,version FROM question_item WHERE delete_flag=0 ORDER BY item_id DESC 
2025-04-14 21:53:31.854 [http-nio-8888-exec-9] DEBUG com.asa.mapper.QuestionItemMapper.selectList - ==> Parameters: 
2025-04-14 21:53:31.859 [http-nio-8888-exec-9] DEBUG com.asa.mapper.QuestionItemMapper.selectList - <==      Total: 5
2025-04-14 21:53:35.400 [http-nio-8888-exec-10] DEBUG com.asa.mapper.QuestionItemMapper.selectList - ==>  Preparing: SELECT item_id,item,create_time,update_time,delete_flag,version FROM question_item WHERE delete_flag=0 ORDER BY item_id DESC 
2025-04-14 21:53:35.402 [http-nio-8888-exec-10] DEBUG com.asa.mapper.QuestionItemMapper.selectList - ==> Parameters: 
2025-04-14 21:53:35.407 [http-nio-8888-exec-10] DEBUG com.asa.mapper.QuestionItemMapper.selectList - <==      Total: 5
2025-04-14 21:53:38.036 [http-nio-8888-exec-2] DEBUG com.asa.mapper.QuestionItemMapper.selectList - ==>  Preparing: SELECT item_id,item,create_time,update_time,delete_flag,version FROM question_item WHERE delete_flag=0 ORDER BY item_id DESC 
2025-04-14 21:53:38.038 [http-nio-8888-exec-2] DEBUG com.asa.mapper.QuestionItemMapper.selectList - ==> Parameters: 
2025-04-14 21:53:38.042 [http-nio-8888-exec-2] DEBUG com.asa.mapper.QuestionItemMapper.selectList - <==      Total: 5
2025-04-14 22:07:32.777 [restartedMain] DEBUG com.asa.BackendApplication - Running with Spring Boot v2.6.13, Spring v5.3.23
2025-04-14 22:15:50.170 [main] DEBUG com.asa.TestAutoGenerator - Running with Spring Boot v2.6.13, Spring v5.3.23
2025-04-14 22:21:19.643 [restartedMain] DEBUG com.asa.BackendApplication - Running with Spring Boot v2.6.13, Spring v5.3.23
2025-04-14 22:22:33.200 [http-nio-8888-exec-10] DEBUG com.asa.mapper.QuestionsMapper.insert - ==>  Preparing: INSERT INTO questions ( question, answer, create_time, update_time, delete_flag, version, item_id ) VALUES ( ?, ?, ?, ?, ?, ?, ? ) 
2025-04-14 22:22:33.250 [http-nio-8888-exec-10] DEBUG com.asa.mapper.QuestionsMapper.insert - ==> Parameters: 关羽daisy雏菊的问题1：xxxxxxxxxxxxxxxx(String), xxxxxxxxxxxxxxxxxxxxx(String), 2025-04-14 22:22:31.186(Timestamp), 2025-04-14 22:22:31.189(Timestamp), 0(Integer), 1(Integer), 1(Integer)
2025-04-14 22:22:33.528 [http-nio-8888-exec-10] DEBUG com.asa.mapper.QuestionsMapper.insert - <==    Updates: 1
2025-04-14 22:22:55.705 [http-nio-8888-exec-2] DEBUG com.asa.mapper.QuestionsMapper.insert - ==>  Preparing: INSERT INTO questions ( question, answer, create_time, update_time, delete_flag, version, item_id ) VALUES ( ?, ?, ?, ?, ?, ?, ? ) 
2025-04-14 22:22:55.708 [http-nio-8888-exec-2] DEBUG com.asa.mapper.QuestionsMapper.insert - ==> Parameters: 关羽daisy雏菊的问题2：yyyyyyyyyyyyyyyyyyy(String), yyyyyyyyyyyyyyyyyyyyyyyyyyyyyyyyyyyy(String), 2025-04-14 22:22:55.701(Timestamp), 2025-04-14 22:22:55.701(Timestamp), 0(Integer), 1(Integer), 1(Integer)
2025-04-14 22:22:55.836 [http-nio-8888-exec-2] DEBUG com.asa.mapper.QuestionsMapper.insert - <==    Updates: 1
2025-04-14 22:23:13.026 [http-nio-8888-exec-4] DEBUG com.asa.mapper.QuestionsMapper.insert - ==>  Preparing: INSERT INTO questions ( question, answer, create_time, update_time, delete_flag, version, item_id ) VALUES ( ?, ?, ?, ?, ?, ?, ? ) 
2025-04-14 22:23:13.029 [http-nio-8888-exec-4] DEBUG com.asa.mapper.QuestionsMapper.insert - ==> Parameters: 关羽daisy雏菊的问题3：zzzzzzzzzzzzzzzzzzzzzzz(String), zzzzzzzzzzzzzzzzzzzzzzzzzzzzzzzzzzzz(String), 2025-04-14 22:23:13.023(Timestamp), 2025-04-14 22:23:13.023(Timestamp), 0(Integer), 1(Integer), 1(Integer)
2025-04-14 22:23:13.087 [http-nio-8888-exec-4] DEBUG com.asa.mapper.QuestionsMapper.insert - <==    Updates: 1
2025-04-14 22:23:44.998 [http-nio-8888-exec-8] DEBUG com.asa.mapper.QuestionItemMapper.selectList - ==>  Preparing: SELECT item_id,item,create_time,update_time,delete_flag,version FROM question_item WHERE delete_flag=0 ORDER BY item_id DESC 
2025-04-14 22:23:45.000 [http-nio-8888-exec-8] DEBUG com.asa.mapper.QuestionItemMapper.selectList - ==> Parameters: 
2025-04-14 22:23:45.060 [http-nio-8888-exec-8] DEBUG com.asa.mapper.QuestionItemMapper.selectList - <==      Total: 5
2025-04-14 22:25:31.485 [http-nio-8888-exec-9] DEBUG com.asa.mapper.QuestionItemMapper.selectList - ==>  Preparing: SELECT item_id,item,create_time,update_time,delete_flag,version FROM question_item WHERE delete_flag=0 ORDER BY item_id DESC 
2025-04-14 22:25:31.487 [http-nio-8888-exec-9] DEBUG com.asa.mapper.QuestionItemMapper.selectList - ==> Parameters: 
2025-04-14 22:25:31.495 [http-nio-8888-exec-9] DEBUG com.asa.mapper.QuestionItemMapper.selectList - <==      Total: 5
2025-04-14 22:25:36.110 [http-nio-8888-exec-10] DEBUG com.asa.mapper.QuestionItemMapper.selectList - ==>  Preparing: SELECT item_id,item,create_time,update_time,delete_flag,version FROM question_item WHERE delete_flag=0 ORDER BY item_id DESC 
2025-04-14 22:25:36.112 [http-nio-8888-exec-10] DEBUG com.asa.mapper.QuestionItemMapper.selectList - ==> Parameters: 
2025-04-14 22:25:36.121 [http-nio-8888-exec-10] DEBUG com.asa.mapper.QuestionItemMapper.selectList - <==      Total: 5
2025-04-14 22:25:56.858 [http-nio-8888-exec-6] DEBUG com.asa.mapper.QuestionItemMapper.selectList - ==>  Preparing: SELECT item_id,item,create_time,update_time,delete_flag,version FROM question_item WHERE delete_flag=0 ORDER BY item_id DESC 
2025-04-14 22:25:56.860 [http-nio-8888-exec-6] DEBUG com.asa.mapper.QuestionItemMapper.selectList - ==> Parameters: 
2025-04-14 22:25:56.871 [http-nio-8888-exec-6] DEBUG com.asa.mapper.QuestionItemMapper.selectList - <==      Total: 5
2025-04-14 22:25:59.871 [http-nio-8888-exec-3] DEBUG com.asa.mapper.QuestionItemMapper.selectList - ==>  Preparing: SELECT item_id,item,create_time,update_time,delete_flag,version FROM question_item WHERE delete_flag=0 ORDER BY item_id DESC 
2025-04-14 22:25:59.873 [http-nio-8888-exec-3] DEBUG com.asa.mapper.QuestionItemMapper.selectList - ==> Parameters: 
2025-04-14 22:25:59.908 [http-nio-8888-exec-3] DEBUG com.asa.mapper.QuestionItemMapper.selectList - <==      Total: 5
2025-04-14 22:26:08.314 [http-nio-8888-exec-5] DEBUG com.asa.mapper.QuestionItemMapper.selectList - ==>  Preparing: SELECT item_id,item,create_time,update_time,delete_flag,version FROM question_item WHERE delete_flag=0 ORDER BY item_id DESC 
2025-04-14 22:26:08.317 [http-nio-8888-exec-5] DEBUG com.asa.mapper.QuestionItemMapper.selectList - ==> Parameters: 
2025-04-14 22:26:08.322 [http-nio-8888-exec-5] DEBUG com.asa.mapper.QuestionItemMapper.selectList - <==      Total: 5
2025-04-14 22:26:09.780 [http-nio-8888-exec-1] DEBUG com.asa.mapper.QuestionItemMapper.selectList - ==>  Preparing: SELECT item_id,item,create_time,update_time,delete_flag,version FROM question_item WHERE delete_flag=0 ORDER BY item_id DESC 
2025-04-14 22:26:09.782 [http-nio-8888-exec-1] DEBUG com.asa.mapper.QuestionItemMapper.selectList - ==> Parameters: 
2025-04-14 22:26:09.790 [http-nio-8888-exec-1] DEBUG com.asa.mapper.QuestionItemMapper.selectList - <==      Total: 5
2025-04-14 22:26:13.175 [http-nio-8888-exec-2] DEBUG com.asa.mapper.QuestionItemMapper.selectList - ==>  Preparing: SELECT item_id,item,create_time,update_time,delete_flag,version FROM question_item WHERE delete_flag=0 ORDER BY item_id DESC 
2025-04-14 22:26:13.177 [http-nio-8888-exec-2] DEBUG com.asa.mapper.QuestionItemMapper.selectList - ==> Parameters: 
2025-04-14 22:26:13.183 [http-nio-8888-exec-2] DEBUG com.asa.mapper.QuestionItemMapper.selectList - <==      Total: 5
2025-04-14 22:26:21.400 [http-nio-8888-exec-4] DEBUG com.asa.mapper.QuestionItemMapper.selectList - ==>  Preparing: SELECT item_id,item,create_time,update_time,delete_flag,version FROM question_item WHERE delete_flag=0 ORDER BY item_id DESC 
2025-04-14 22:26:21.402 [http-nio-8888-exec-4] DEBUG com.asa.mapper.QuestionItemMapper.selectList - ==> Parameters: 
2025-04-14 22:26:21.409 [http-nio-8888-exec-4] DEBUG com.asa.mapper.QuestionItemMapper.selectList - <==      Total: 5
2025-04-14 22:26:30.286 [http-nio-8888-exec-8] DEBUG com.asa.mapper.QuestionItemMapper.selectList - ==>  Preparing: SELECT item_id,item,create_time,update_time,delete_flag,version FROM question_item WHERE delete_flag=0 ORDER BY item_id DESC 
2025-04-14 22:26:30.287 [http-nio-8888-exec-8] DEBUG com.asa.mapper.QuestionItemMapper.selectList - ==> Parameters: 
2025-04-14 22:26:30.294 [http-nio-8888-exec-8] DEBUG com.asa.mapper.QuestionItemMapper.selectList - <==      Total: 5
2025-04-14 22:26:33.592 [http-nio-8888-exec-7] DEBUG com.asa.mapper.QuestionItemMapper.selectList - ==>  Preparing: SELECT item_id,item,create_time,update_time,delete_flag,version FROM question_item WHERE delete_flag=0 ORDER BY item_id DESC 
2025-04-14 22:26:33.595 [http-nio-8888-exec-7] DEBUG com.asa.mapper.QuestionItemMapper.selectList - ==> Parameters: 
2025-04-14 22:26:33.601 [http-nio-8888-exec-7] DEBUG com.asa.mapper.QuestionItemMapper.selectList - <==      Total: 5
2025-04-14 22:26:36.383 [http-nio-8888-exec-9] DEBUG com.asa.mapper.QuestionItemMapper.selectList - ==>  Preparing: SELECT item_id,item,create_time,update_time,delete_flag,version FROM question_item WHERE delete_flag=0 ORDER BY item_id DESC 
2025-04-14 22:26:36.385 [http-nio-8888-exec-9] DEBUG com.asa.mapper.QuestionItemMapper.selectList - ==> Parameters: 
2025-04-14 22:26:36.391 [http-nio-8888-exec-9] DEBUG com.asa.mapper.QuestionItemMapper.selectList - <==      Total: 5
2025-04-14 22:26:39.118 [http-nio-8888-exec-10] DEBUG com.asa.mapper.QuestionItemMapper.selectList - ==>  Preparing: SELECT item_id,item,create_time,update_time,delete_flag,version FROM question_item WHERE delete_flag=0 ORDER BY item_id DESC 
2025-04-14 22:26:39.120 [http-nio-8888-exec-10] DEBUG com.asa.mapper.QuestionItemMapper.selectList - ==> Parameters: 
2025-04-14 22:26:39.127 [http-nio-8888-exec-10] DEBUG com.asa.mapper.QuestionItemMapper.selectList - <==      Total: 5
2025-04-14 22:26:40.807 [http-nio-8888-exec-6] DEBUG com.asa.mapper.QuestionItemMapper.selectList - ==>  Preparing: SELECT item_id,item,create_time,update_time,delete_flag,version FROM question_item WHERE delete_flag=0 ORDER BY item_id DESC 
2025-04-14 22:26:40.809 [http-nio-8888-exec-6] DEBUG com.asa.mapper.QuestionItemMapper.selectList - ==> Parameters: 
2025-04-14 22:26:40.815 [http-nio-8888-exec-6] DEBUG com.asa.mapper.QuestionItemMapper.selectList - <==      Total: 5
2025-04-14 22:26:47.412 [http-nio-8888-exec-3] DEBUG com.asa.mapper.QuestionItemMapper.selectList - ==>  Preparing: SELECT item_id,item,create_time,update_time,delete_flag,version FROM question_item WHERE delete_flag=0 ORDER BY item_id DESC 
2025-04-14 22:26:47.414 [http-nio-8888-exec-3] DEBUG com.asa.mapper.QuestionItemMapper.selectList - ==> Parameters: 
2025-04-14 22:26:47.421 [http-nio-8888-exec-3] DEBUG com.asa.mapper.QuestionItemMapper.selectList - <==      Total: 5
2025-04-14 22:26:49.601 [http-nio-8888-exec-5] DEBUG com.asa.mapper.QuestionItemMapper.selectList - ==>  Preparing: SELECT item_id,item,create_time,update_time,delete_flag,version FROM question_item WHERE delete_flag=0 ORDER BY item_id DESC 
2025-04-14 22:26:49.604 [http-nio-8888-exec-5] DEBUG com.asa.mapper.QuestionItemMapper.selectList - ==> Parameters: 
2025-04-14 22:26:49.613 [http-nio-8888-exec-5] DEBUG com.asa.mapper.QuestionItemMapper.selectList - <==      Total: 5
2025-04-14 22:27:26.035 [http-nio-8888-exec-1] DEBUG com.asa.mapper.QuestionItemMapper.selectList - ==>  Preparing: SELECT item_id,item,create_time,update_time,delete_flag,version FROM question_item WHERE delete_flag=0 ORDER BY item_id DESC 
2025-04-14 22:27:26.036 [http-nio-8888-exec-1] DEBUG com.asa.mapper.QuestionItemMapper.selectList - ==> Parameters: 
2025-04-14 22:27:26.041 [http-nio-8888-exec-1] DEBUG com.asa.mapper.QuestionItemMapper.selectList - <==      Total: 5
2025-04-14 22:27:27.937 [http-nio-8888-exec-2] DEBUG com.asa.mapper.QuestionItemMapper.selectList - ==>  Preparing: SELECT item_id,item,create_time,update_time,delete_flag,version FROM question_item WHERE delete_flag=0 ORDER BY item_id DESC 
2025-04-14 22:27:27.938 [http-nio-8888-exec-2] DEBUG com.asa.mapper.QuestionItemMapper.selectList - ==> Parameters: 
2025-04-14 22:27:27.941 [http-nio-8888-exec-2] DEBUG com.asa.mapper.QuestionItemMapper.selectList - <==      Total: 5
2025-04-14 22:27:32.497 [http-nio-8888-exec-4] DEBUG com.asa.mapper.QuestionItemMapper.selectList - ==>  Preparing: SELECT item_id,item,create_time,update_time,delete_flag,version FROM question_item WHERE delete_flag=0 ORDER BY item_id DESC 
2025-04-14 22:27:32.499 [http-nio-8888-exec-4] DEBUG com.asa.mapper.QuestionItemMapper.selectList - ==> Parameters: 
2025-04-14 22:27:32.505 [http-nio-8888-exec-4] DEBUG com.asa.mapper.QuestionItemMapper.selectList - <==      Total: 5
2025-04-14 22:27:36.753 [http-nio-8888-exec-8] DEBUG com.asa.mapper.QuestionItemMapper.selectList - ==>  Preparing: SELECT item_id,item,create_time,update_time,delete_flag,version FROM question_item WHERE delete_flag=0 ORDER BY item_id DESC 
2025-04-14 22:27:36.754 [http-nio-8888-exec-8] DEBUG com.asa.mapper.QuestionItemMapper.selectList - ==> Parameters: 
2025-04-14 22:27:36.759 [http-nio-8888-exec-8] DEBUG com.asa.mapper.QuestionItemMapper.selectList - <==      Total: 5
2025-04-14 22:27:50.179 [http-nio-8888-exec-7] DEBUG com.asa.mapper.QuestionItemMapper.selectList - ==>  Preparing: SELECT item_id,item,create_time,update_time,delete_flag,version FROM question_item WHERE delete_flag=0 ORDER BY item_id DESC 
2025-04-14 22:27:50.180 [http-nio-8888-exec-7] DEBUG com.asa.mapper.QuestionItemMapper.selectList - ==> Parameters: 
2025-04-14 22:27:50.186 [http-nio-8888-exec-7] DEBUG com.asa.mapper.QuestionItemMapper.selectList - <==      Total: 5
2025-04-14 22:27:54.636 [http-nio-8888-exec-9] DEBUG com.asa.mapper.QuestionItemMapper.selectList - ==>  Preparing: SELECT item_id,item,create_time,update_time,delete_flag,version FROM question_item WHERE delete_flag=0 ORDER BY item_id DESC 
2025-04-14 22:27:54.637 [http-nio-8888-exec-9] DEBUG com.asa.mapper.QuestionItemMapper.selectList - ==> Parameters: 
2025-04-14 22:27:54.642 [http-nio-8888-exec-9] DEBUG com.asa.mapper.QuestionItemMapper.selectList - <==      Total: 5
2025-04-14 22:28:04.079 [http-nio-8888-exec-10] DEBUG com.asa.mapper.QuestionItemMapper.selectList - ==>  Preparing: SELECT item_id,item,create_time,update_time,delete_flag,version FROM question_item WHERE delete_flag=0 ORDER BY item_id DESC 
2025-04-14 22:28:04.081 [http-nio-8888-exec-10] DEBUG com.asa.mapper.QuestionItemMapper.selectList - ==> Parameters: 
2025-04-14 22:28:04.085 [http-nio-8888-exec-10] DEBUG com.asa.mapper.QuestionItemMapper.selectList - <==      Total: 5
2025-04-14 22:28:06.320 [http-nio-8888-exec-6] DEBUG com.asa.mapper.QuestionItemMapper.selectList - ==>  Preparing: SELECT item_id,item,create_time,update_time,delete_flag,version FROM question_item WHERE delete_flag=0 ORDER BY item_id DESC 
2025-04-14 22:28:06.322 [http-nio-8888-exec-6] DEBUG com.asa.mapper.QuestionItemMapper.selectList - ==> Parameters: 
2025-04-14 22:28:06.326 [http-nio-8888-exec-6] DEBUG com.asa.mapper.QuestionItemMapper.selectList - <==      Total: 5
2025-04-14 22:28:09.582 [http-nio-8888-exec-3] DEBUG com.asa.mapper.QuestionItemMapper.selectList - ==>  Preparing: SELECT item_id,item,create_time,update_time,delete_flag,version FROM question_item WHERE delete_flag=0 ORDER BY item_id DESC 
2025-04-14 22:28:09.583 [http-nio-8888-exec-3] DEBUG com.asa.mapper.QuestionItemMapper.selectList - ==> Parameters: 
2025-04-14 22:28:09.588 [http-nio-8888-exec-3] DEBUG com.asa.mapper.QuestionItemMapper.selectList - <==      Total: 5
2025-04-14 22:28:13.108 [http-nio-8888-exec-5] DEBUG com.asa.mapper.QuestionItemMapper.selectList - ==>  Preparing: SELECT item_id,item,create_time,update_time,delete_flag,version FROM question_item WHERE delete_flag=0 ORDER BY item_id DESC 
2025-04-14 22:28:13.109 [http-nio-8888-exec-5] DEBUG com.asa.mapper.QuestionItemMapper.selectList - ==> Parameters: 
2025-04-14 22:28:13.113 [http-nio-8888-exec-5] DEBUG com.asa.mapper.QuestionItemMapper.selectList - <==      Total: 5
2025-04-14 22:28:48.907 [http-nio-8888-exec-1] DEBUG com.asa.mapper.QuestionItemMapper.selectList - ==>  Preparing: SELECT item_id,item,create_time,update_time,delete_flag,version FROM question_item WHERE delete_flag=0 ORDER BY item_id DESC 
2025-04-14 22:28:48.908 [http-nio-8888-exec-1] DEBUG com.asa.mapper.QuestionItemMapper.selectList - ==> Parameters: 
2025-04-14 22:28:48.914 [http-nio-8888-exec-1] DEBUG com.asa.mapper.QuestionItemMapper.selectList - <==      Total: 5
2025-04-14 22:28:57.225 [http-nio-8888-exec-2] DEBUG com.asa.mapper.QuestionItemMapper.selectList - ==>  Preparing: SELECT item_id,item,create_time,update_time,delete_flag,version FROM question_item WHERE delete_flag=0 ORDER BY item_id DESC 
2025-04-14 22:28:57.226 [http-nio-8888-exec-2] DEBUG com.asa.mapper.QuestionItemMapper.selectList - ==> Parameters: 
2025-04-14 22:28:57.232 [http-nio-8888-exec-2] DEBUG com.asa.mapper.QuestionItemMapper.selectList - <==      Total: 5
2025-04-14 22:29:01.226 [http-nio-8888-exec-4] DEBUG com.asa.mapper.QuestionItemMapper.selectList - ==>  Preparing: SELECT item_id,item,create_time,update_time,delete_flag,version FROM question_item WHERE delete_flag=0 ORDER BY item_id DESC 
2025-04-14 22:29:01.227 [http-nio-8888-exec-4] DEBUG com.asa.mapper.QuestionItemMapper.selectList - ==> Parameters: 
2025-04-14 22:29:01.232 [http-nio-8888-exec-4] DEBUG com.asa.mapper.QuestionItemMapper.selectList - <==      Total: 5
2025-04-14 22:29:02.913 [http-nio-8888-exec-8] DEBUG com.asa.mapper.QuestionItemMapper.selectList - ==>  Preparing: SELECT item_id,item,create_time,update_time,delete_flag,version FROM question_item WHERE delete_flag=0 ORDER BY item_id DESC 
2025-04-14 22:29:02.915 [http-nio-8888-exec-8] DEBUG com.asa.mapper.QuestionItemMapper.selectList - ==> Parameters: 
2025-04-14 22:29:02.919 [http-nio-8888-exec-8] DEBUG com.asa.mapper.QuestionItemMapper.selectList - <==      Total: 5
2025-04-14 22:29:13.491 [http-nio-8888-exec-7] DEBUG com.asa.mapper.QuestionItemMapper.selectList - ==>  Preparing: SELECT item_id,item,create_time,update_time,delete_flag,version FROM question_item WHERE delete_flag=0 ORDER BY item_id DESC 
2025-04-14 22:29:13.492 [http-nio-8888-exec-7] DEBUG com.asa.mapper.QuestionItemMapper.selectList - ==> Parameters: 
2025-04-14 22:29:13.497 [http-nio-8888-exec-7] DEBUG com.asa.mapper.QuestionItemMapper.selectList - <==      Total: 5
2025-04-14 22:29:36.216 [http-nio-8888-exec-9] DEBUG com.asa.mapper.QuestionItemMapper.selectList - ==>  Preparing: SELECT item_id,item,create_time,update_time,delete_flag,version FROM question_item WHERE delete_flag=0 ORDER BY item_id DESC 
2025-04-14 22:29:36.218 [http-nio-8888-exec-9] DEBUG com.asa.mapper.QuestionItemMapper.selectList - ==> Parameters: 
2025-04-14 22:29:36.223 [http-nio-8888-exec-9] DEBUG com.asa.mapper.QuestionItemMapper.selectList - <==      Total: 5
2025-04-14 22:40:18.650 [restartedMain] DEBUG com.asa.BackendApplication - Running with Spring Boot v2.6.13, Spring v5.3.23
2025-04-14 22:41:37.949 [http-nio-8888-exec-1] DEBUG c.a.m.QuestionItemMapper.getQuestionItemByItem - ==>  Preparing: select * from question_item where item=? 
2025-04-14 22:41:37.984 [http-nio-8888-exec-1] DEBUG c.a.m.QuestionItemMapper.getQuestionItemByItem - ==> Parameters: 5(String)
2025-04-14 22:41:38.039 [http-nio-8888-exec-1] DEBUG c.a.m.QuestionItemMapper.getQuestionItemByItem - <==      Total: 0
2025-04-14 22:41:54.023 [http-nio-8888-exec-2] DEBUG com.asa.mapper.QuestionItemMapper.selectList - ==>  Preparing: SELECT item_id,item,create_time,update_time,delete_flag,version FROM question_item WHERE delete_flag=0 ORDER BY item_id DESC 
2025-04-14 22:41:54.025 [http-nio-8888-exec-2] DEBUG com.asa.mapper.QuestionItemMapper.selectList - ==> Parameters: 
2025-04-14 22:41:54.038 [http-nio-8888-exec-2] DEBUG com.asa.mapper.QuestionItemMapper.selectList - <==      Total: 5
2025-04-14 22:41:59.504 [http-nio-8888-exec-3] DEBUG com.asa.mapper.QuestionItemMapper.selectList - ==>  Preparing: SELECT item_id,item,create_time,update_time,delete_flag,version FROM question_item WHERE delete_flag=0 ORDER BY item_id DESC 
2025-04-14 22:41:59.506 [http-nio-8888-exec-3] DEBUG com.asa.mapper.QuestionItemMapper.selectList - ==> Parameters: 
2025-04-14 22:41:59.515 [http-nio-8888-exec-3] DEBUG com.asa.mapper.QuestionItemMapper.selectList - <==      Total: 5
2025-04-14 22:42:03.550 [http-nio-8888-exec-4] DEBUG com.asa.mapper.QuestionItemMapper.selectList - ==>  Preparing: SELECT item_id,item,create_time,update_time,delete_flag,version FROM question_item WHERE delete_flag=0 ORDER BY item_id DESC 
2025-04-14 22:42:03.552 [http-nio-8888-exec-4] DEBUG com.asa.mapper.QuestionItemMapper.selectList - ==> Parameters: 
2025-04-14 22:42:03.561 [http-nio-8888-exec-4] DEBUG com.asa.mapper.QuestionItemMapper.selectList - <==      Total: 5
2025-04-14 22:42:05.417 [http-nio-8888-exec-5] DEBUG com.asa.mapper.QuestionItemMapper.selectList - ==>  Preparing: SELECT item_id,item,create_time,update_time,delete_flag,version FROM question_item WHERE delete_flag=0 ORDER BY item_id DESC 
2025-04-14 22:42:05.419 [http-nio-8888-exec-5] DEBUG com.asa.mapper.QuestionItemMapper.selectList - ==> Parameters: 
2025-04-14 22:42:05.430 [http-nio-8888-exec-5] DEBUG com.asa.mapper.QuestionItemMapper.selectList - <==      Total: 5
2025-04-14 22:42:38.659 [http-nio-8888-exec-6] DEBUG c.a.m.QuestionItemMapper.getQuestionItemByItem - ==>  Preparing: select * from question_item where item=? 
2025-04-14 22:42:38.660 [http-nio-8888-exec-6] DEBUG c.a.m.QuestionItemMapper.getQuestionItemByItem - ==> Parameters: 5(String)
2025-04-14 22:42:38.662 [http-nio-8888-exec-6] DEBUG c.a.m.QuestionItemMapper.getQuestionItemByItem - <==      Total: 0
2025-04-14 22:45:51.907 [http-nio-8888-exec-7] DEBUG com.asa.mapper.QuestionItemMapper.selectList - ==>  Preparing: SELECT item_id,item,create_time,update_time,delete_flag,version FROM question_item WHERE delete_flag=0 ORDER BY item_id DESC 
2025-04-14 22:45:51.910 [http-nio-8888-exec-7] DEBUG com.asa.mapper.QuestionItemMapper.selectList - ==> Parameters: 
2025-04-14 22:45:51.916 [http-nio-8888-exec-7] DEBUG com.asa.mapper.QuestionItemMapper.selectList - <==      Total: 5
2025-04-14 22:45:56.114 [http-nio-8888-exec-8] DEBUG com.asa.mapper.QuestionItemMapper.selectList - ==>  Preparing: SELECT item_id,item,create_time,update_time,delete_flag,version FROM question_item WHERE delete_flag=0 ORDER BY item_id DESC 
2025-04-14 22:45:56.115 [http-nio-8888-exec-8] DEBUG com.asa.mapper.QuestionItemMapper.selectList - ==> Parameters: 
2025-04-14 22:45:56.123 [http-nio-8888-exec-8] DEBUG com.asa.mapper.QuestionItemMapper.selectList - <==      Total: 5
2025-04-14 22:45:59.521 [http-nio-8888-exec-9] DEBUG com.asa.mapper.QuestionItemMapper.selectList - ==>  Preparing: SELECT item_id,item,create_time,update_time,delete_flag,version FROM question_item WHERE delete_flag=0 ORDER BY item_id DESC 
2025-04-14 22:45:59.523 [http-nio-8888-exec-9] DEBUG com.asa.mapper.QuestionItemMapper.selectList - ==> Parameters: 
2025-04-14 22:45:59.530 [http-nio-8888-exec-9] DEBUG com.asa.mapper.QuestionItemMapper.selectList - <==      Total: 5
2025-04-14 22:46:11.784 [http-nio-8888-exec-10] DEBUG com.asa.mapper.QuestionItemMapper.selectList - ==>  Preparing: SELECT item_id,item,create_time,update_time,delete_flag,version FROM question_item WHERE delete_flag=0 ORDER BY item_id DESC 
2025-04-14 22:46:11.786 [http-nio-8888-exec-10] DEBUG com.asa.mapper.QuestionItemMapper.selectList - ==> Parameters: 
2025-04-14 22:46:11.795 [http-nio-8888-exec-10] DEBUG com.asa.mapper.QuestionItemMapper.selectList - <==      Total: 5
2025-04-14 22:46:11.936 [http-nio-8888-exec-1] DEBUG com.asa.mapper.QuestionItemMapper.selectList - ==>  Preparing: SELECT item_id,item,create_time,update_time,delete_flag,version FROM question_item WHERE delete_flag=0 ORDER BY item_id DESC 
2025-04-14 22:46:11.939 [http-nio-8888-exec-1] DEBUG com.asa.mapper.QuestionItemMapper.selectList - ==> Parameters: 
2025-04-14 22:46:11.949 [http-nio-8888-exec-1] DEBUG com.asa.mapper.QuestionItemMapper.selectList - <==      Total: 5
2025-04-14 22:46:16.075 [http-nio-8888-exec-2] DEBUG c.a.m.QuestionItemMapper.getQuestionItemByItem - ==>  Preparing: select * from question_item where item=? 
2025-04-14 22:46:16.078 [http-nio-8888-exec-2] DEBUG c.a.m.QuestionItemMapper.getQuestionItemByItem - ==> Parameters: 5(String)
2025-04-14 22:46:16.081 [http-nio-8888-exec-2] DEBUG c.a.m.QuestionItemMapper.getQuestionItemByItem - <==      Total: 0
2025-04-14 22:47:01.093 [http-nio-8888-exec-3] DEBUG com.asa.mapper.QuestionItemMapper.selectList - ==>  Preparing: SELECT item_id,item,create_time,update_time,delete_flag,version FROM question_item WHERE delete_flag=0 ORDER BY item_id DESC 
2025-04-14 22:47:01.095 [http-nio-8888-exec-3] DEBUG com.asa.mapper.QuestionItemMapper.selectList - ==> Parameters: 
2025-04-14 22:47:01.103 [http-nio-8888-exec-3] DEBUG com.asa.mapper.QuestionItemMapper.selectList - <==      Total: 5
2025-04-14 22:47:07.762 [http-nio-8888-exec-4] DEBUG com.asa.mapper.QuestionItemMapper.selectList - ==>  Preparing: SELECT item_id,item,create_time,update_time,delete_flag,version FROM question_item WHERE delete_flag=0 ORDER BY item_id DESC 
2025-04-14 22:47:07.764 [http-nio-8888-exec-4] DEBUG com.asa.mapper.QuestionItemMapper.selectList - ==> Parameters: 
2025-04-14 22:47:07.772 [http-nio-8888-exec-4] DEBUG com.asa.mapper.QuestionItemMapper.selectList - <==      Total: 5
2025-04-14 22:47:12.250 [http-nio-8888-exec-5] DEBUG com.asa.mapper.QuestionItemMapper.selectList - ==>  Preparing: SELECT item_id,item,create_time,update_time,delete_flag,version FROM question_item WHERE delete_flag=0 ORDER BY item_id DESC 
2025-04-14 22:47:12.252 [http-nio-8888-exec-5] DEBUG com.asa.mapper.QuestionItemMapper.selectList - ==> Parameters: 
2025-04-14 22:47:12.258 [http-nio-8888-exec-5] DEBUG com.asa.mapper.QuestionItemMapper.selectList - <==      Total: 5
2025-04-14 22:47:17.090 [http-nio-8888-exec-6] DEBUG com.asa.mapper.QuestionItemMapper.selectList - ==>  Preparing: SELECT item_id,item,create_time,update_time,delete_flag,version FROM question_item WHERE delete_flag=0 ORDER BY item_id DESC 
2025-04-14 22:47:17.095 [http-nio-8888-exec-6] DEBUG com.asa.mapper.QuestionItemMapper.selectList - ==> Parameters: 
2025-04-14 22:47:17.107 [http-nio-8888-exec-6] DEBUG com.asa.mapper.QuestionItemMapper.selectList - <==      Total: 5
2025-04-14 22:47:22.735 [http-nio-8888-exec-7] DEBUG c.a.m.QuestionItemMapper.getQuestionItemByItem - ==>  Preparing: select * from question_item where item=? 
2025-04-14 22:47:22.737 [http-nio-8888-exec-7] DEBUG c.a.m.QuestionItemMapper.getQuestionItemByItem - ==> Parameters: null
2025-04-14 22:47:22.740 [http-nio-8888-exec-7] DEBUG c.a.m.QuestionItemMapper.getQuestionItemByItem - <==      Total: 0
2025-04-14 22:49:55.508 [restartedMain] DEBUG com.asa.BackendApplication - Running with Spring Boot v2.6.13, Spring v5.3.23
2025-04-14 22:52:00.320 [http-nio-8888-exec-10] DEBUG com.asa.mapper.QuestionsMapper.insert - ==>  Preparing: INSERT INTO questions ( question, answer, create_time, update_time, delete_flag, version, item_id ) VALUES ( ?, ?, ?, ?, ?, ?, ? ) 
2025-04-14 22:52:00.361 [http-nio-8888-exec-10] DEBUG com.asa.mapper.QuestionsMapper.insert - ==> Parameters: (String), (String), 2025-04-14 22:51:58.184(Timestamp), 2025-04-14 22:51:58.187(Timestamp), 0(Integer), 1(Integer), 4(Integer)
2025-04-14 22:52:00.499 [http-nio-8888-exec-10] DEBUG com.asa.mapper.QuestionsMapper.insert - <==    Updates: 1
2025-04-14 22:53:09.445 [http-nio-8888-exec-8] DEBUG com.asa.mapper.QuestionItemMapper.selectList - ==>  Preparing: SELECT item_id,item,create_time,update_time,delete_flag,version FROM question_item WHERE delete_flag=0 ORDER BY item_id DESC 
2025-04-14 22:53:09.447 [http-nio-8888-exec-8] DEBUG com.asa.mapper.QuestionItemMapper.selectList - ==> Parameters: 
2025-04-14 22:53:09.487 [http-nio-8888-exec-8] DEBUG com.asa.mapper.QuestionItemMapper.selectList - <==      Total: 5
2025-04-14 22:53:17.037 [http-nio-8888-exec-4] DEBUG com.asa.mapper.QuestionItemMapper.selectList - ==>  Preparing: SELECT item_id,item,create_time,update_time,delete_flag,version FROM question_item WHERE delete_flag=0 ORDER BY item_id DESC 
2025-04-14 22:53:17.040 [http-nio-8888-exec-4] DEBUG com.asa.mapper.QuestionItemMapper.selectList - ==> Parameters: 
2025-04-14 22:53:17.050 [http-nio-8888-exec-4] DEBUG com.asa.mapper.QuestionItemMapper.selectList - <==      Total: 5
2025-04-14 22:53:19.928 [http-nio-8888-exec-7] DEBUG com.asa.mapper.QuestionItemMapper.selectList - ==>  Preparing: SELECT item_id,item,create_time,update_time,delete_flag,version FROM question_item WHERE delete_flag=0 ORDER BY item_id DESC 
2025-04-14 22:53:19.930 [http-nio-8888-exec-7] DEBUG com.asa.mapper.QuestionItemMapper.selectList - ==> Parameters: 
2025-04-14 22:53:19.940 [http-nio-8888-exec-7] DEBUG com.asa.mapper.QuestionItemMapper.selectList - <==      Total: 5
2025-04-14 22:53:33.707 [http-nio-8888-exec-9] DEBUG com.asa.mapper.QuestionItemMapper.selectList - ==>  Preparing: SELECT item_id,item,create_time,update_time,delete_flag,version FROM question_item WHERE delete_flag=0 ORDER BY item_id DESC 
2025-04-14 22:53:33.709 [http-nio-8888-exec-9] DEBUG com.asa.mapper.QuestionItemMapper.selectList - ==> Parameters: 
2025-04-14 22:53:33.720 [http-nio-8888-exec-9] DEBUG com.asa.mapper.QuestionItemMapper.selectList - <==      Total: 5
2025-04-14 22:54:21.119 [http-nio-8888-exec-10] DEBUG com.asa.mapper.QuestionItemMapper.selectList - ==>  Preparing: SELECT item_id,item,create_time,update_time,delete_flag,version FROM question_item WHERE delete_flag=0 ORDER BY item_id DESC 
2025-04-14 22:54:21.121 [http-nio-8888-exec-10] DEBUG com.asa.mapper.QuestionItemMapper.selectList - ==> Parameters: 
2025-04-14 22:54:21.129 [http-nio-8888-exec-10] DEBUG com.asa.mapper.QuestionItemMapper.selectList - <==      Total: 5
2025-04-14 22:54:26.839 [http-nio-8888-exec-3] DEBUG com.asa.mapper.QuestionItemMapper.selectList - ==>  Preparing: SELECT item_id,item,create_time,update_time,delete_flag,version FROM question_item WHERE delete_flag=0 ORDER BY item_id DESC 
2025-04-14 22:54:26.841 [http-nio-8888-exec-3] DEBUG com.asa.mapper.QuestionItemMapper.selectList - ==> Parameters: 
2025-04-14 22:54:26.849 [http-nio-8888-exec-3] DEBUG com.asa.mapper.QuestionItemMapper.selectList - <==      Total: 5
2025-04-14 22:54:39.996 [http-nio-8888-exec-6] DEBUG com.asa.mapper.QuestionItemMapper.selectList - ==>  Preparing: SELECT item_id,item,create_time,update_time,delete_flag,version FROM question_item WHERE delete_flag=0 ORDER BY item_id DESC 
2025-04-14 22:54:39.998 [http-nio-8888-exec-6] DEBUG com.asa.mapper.QuestionItemMapper.selectList - ==> Parameters: 
2025-04-14 22:54:40.005 [http-nio-8888-exec-6] DEBUG com.asa.mapper.QuestionItemMapper.selectList - <==      Total: 5
2025-04-14 22:54:43.285 [http-nio-8888-exec-5] DEBUG com.asa.mapper.QuestionItemMapper.selectList - ==>  Preparing: SELECT item_id,item,create_time,update_time,delete_flag,version FROM question_item WHERE delete_flag=0 ORDER BY item_id DESC 
2025-04-14 22:54:43.287 [http-nio-8888-exec-5] DEBUG com.asa.mapper.QuestionItemMapper.selectList - ==> Parameters: 
2025-04-14 22:54:43.294 [http-nio-8888-exec-5] DEBUG com.asa.mapper.QuestionItemMapper.selectList - <==      Total: 5
2025-04-14 22:54:48.053 [http-nio-8888-exec-1] DEBUG com.asa.mapper.QuestionItemMapper.selectList - ==>  Preparing: SELECT item_id,item,create_time,update_time,delete_flag,version FROM question_item WHERE delete_flag=0 ORDER BY item_id DESC 
2025-04-14 22:54:48.055 [http-nio-8888-exec-1] DEBUG com.asa.mapper.QuestionItemMapper.selectList - ==> Parameters: 
2025-04-14 22:54:48.062 [http-nio-8888-exec-1] DEBUG com.asa.mapper.QuestionItemMapper.selectList - <==      Total: 5
2025-04-14 22:54:50.757 [http-nio-8888-exec-2] DEBUG com.asa.mapper.QuestionItemMapper.selectList - ==>  Preparing: SELECT item_id,item,create_time,update_time,delete_flag,version FROM question_item WHERE delete_flag=0 ORDER BY item_id DESC 
2025-04-14 22:54:50.759 [http-nio-8888-exec-2] DEBUG com.asa.mapper.QuestionItemMapper.selectList - ==> Parameters: 
2025-04-14 22:54:50.767 [http-nio-8888-exec-2] DEBUG com.asa.mapper.QuestionItemMapper.selectList - <==      Total: 5
2025-04-14 22:54:52.723 [http-nio-8888-exec-8] DEBUG com.asa.mapper.QuestionItemMapper.selectList - ==>  Preparing: SELECT item_id,item,create_time,update_time,delete_flag,version FROM question_item WHERE delete_flag=0 ORDER BY item_id DESC 
2025-04-14 22:54:52.725 [http-nio-8888-exec-8] DEBUG com.asa.mapper.QuestionItemMapper.selectList - ==> Parameters: 
2025-04-14 22:54:52.734 [http-nio-8888-exec-8] DEBUG com.asa.mapper.QuestionItemMapper.selectList - <==      Total: 5
2025-04-14 22:56:40.752 [restartedMain] DEBUG com.asa.BackendApplication - Running with Spring Boot v2.6.13, Spring v5.3.23
2025-04-14 22:58:06.421 [http-nio-8888-exec-1] DEBUG com.asa.mapper.QuestionsMapper.insert - ==>  Preparing: INSERT INTO questions ( question, answer, create_time, update_time, delete_flag, version, item_id ) VALUES ( ?, ?, ?, ?, ?, ?, ? ) 
2025-04-14 22:58:06.491 [http-nio-8888-exec-1] DEBUG com.asa.mapper.QuestionsMapper.insert - ==> Parameters: 向日葵的问题1：xxxxxxxxxxxxxxxxxxx(String), xxxxxxxxxxxxxxxxxxxx(String), 2025-04-14 22:58:04.394(Timestamp), 2025-04-14 22:58:04.4(Timestamp), 0(Integer), 1(Integer), 2(Integer)
2025-04-14 22:58:06.623 [http-nio-8888-exec-1] DEBUG com.asa.mapper.QuestionsMapper.insert - <==    Updates: 1
2025-04-14 22:58:46.163 [http-nio-8888-exec-3] DEBUG com.asa.mapper.QuestionsMapper.insert - ==>  Preparing: INSERT INTO questions ( question, answer, create_time, update_time, delete_flag, version, item_id ) VALUES ( ?, ?, ?, ?, ?, ?, ? ) 
2025-04-14 22:58:46.165 [http-nio-8888-exec-3] DEBUG com.asa.mapper.QuestionsMapper.insert - ==> Parameters: (String), (String), 2025-04-14 22:58:46.16(Timestamp), 2025-04-14 22:58:46.16(Timestamp), 0(Integer), 1(Integer), 3(Integer)
2025-04-14 22:58:46.261 [http-nio-8888-exec-3] DEBUG com.asa.mapper.QuestionsMapper.insert - <==    Updates: 1
2025-04-14 23:00:50.375 [http-nio-8888-exec-5] DEBUG com.asa.mapper.QuestionItemMapper.selectList - ==>  Preparing: SELECT item_id,item,create_time,update_time,delete_flag,version FROM question_item WHERE delete_flag=0 ORDER BY item_id DESC 
2025-04-14 23:00:50.377 [http-nio-8888-exec-5] DEBUG com.asa.mapper.QuestionItemMapper.selectList - ==> Parameters: 
2025-04-14 23:00:50.413 [http-nio-8888-exec-5] DEBUG com.asa.mapper.QuestionItemMapper.selectList - <==      Total: 5
2025-04-14 23:00:54.396 [http-nio-8888-exec-6] DEBUG com.asa.mapper.QuestionItemMapper.selectList - ==>  Preparing: SELECT item_id,item,create_time,update_time,delete_flag,version FROM question_item WHERE delete_flag=0 ORDER BY item_id DESC 
2025-04-14 23:00:54.397 [http-nio-8888-exec-6] DEBUG com.asa.mapper.QuestionItemMapper.selectList - ==> Parameters: 
2025-04-14 23:00:54.406 [http-nio-8888-exec-6] DEBUG com.asa.mapper.QuestionItemMapper.selectList - <==      Total: 5
2025-04-14 23:00:57.249 [http-nio-8888-exec-7] DEBUG com.asa.mapper.QuestionItemMapper.selectList - ==>  Preparing: SELECT item_id,item,create_time,update_time,delete_flag,version FROM question_item WHERE delete_flag=0 ORDER BY item_id DESC 
2025-04-14 23:00:57.251 [http-nio-8888-exec-7] DEBUG com.asa.mapper.QuestionItemMapper.selectList - ==> Parameters: 
2025-04-14 23:00:57.261 [http-nio-8888-exec-7] DEBUG com.asa.mapper.QuestionItemMapper.selectList - <==      Total: 5
2025-04-14 23:01:13.266 [http-nio-8888-exec-8] DEBUG com.asa.mapper.QuestionsMapper.insert - ==>  Preparing: INSERT INTO questions ( question, answer, create_time, update_time, delete_flag, version, item_id ) VALUES ( ?, ?, ?, ?, ?, ?, ? ) 
2025-04-14 23:01:13.268 [http-nio-8888-exec-8] DEBUG com.asa.mapper.QuestionsMapper.insert - ==> Parameters: 玫瑰花的问题2(String), yyyyyyyyyyyyyyyyyyyyyy(String), 2025-04-14 23:01:13.263(Timestamp), 2025-04-14 23:01:13.263(Timestamp), 0(Integer), 1(Integer), 3(Integer)
2025-04-14 23:01:13.394 [http-nio-8888-exec-8] DEBUG com.asa.mapper.QuestionsMapper.insert - <==    Updates: 1
2025-04-14 23:19:23.081 [http-nio-8888-exec-9] DEBUG com.asa.mapper.QuestionItemMapper.selectList - ==>  Preparing: SELECT item_id,item,create_time,update_time,delete_flag,version FROM question_item WHERE delete_flag=0 ORDER BY item_id DESC 
2025-04-14 23:19:23.083 [http-nio-8888-exec-9] DEBUG com.asa.mapper.QuestionItemMapper.selectList - ==> Parameters: 
2025-04-14 23:19:23.096 [http-nio-8888-exec-9] DEBUG com.asa.mapper.QuestionItemMapper.selectList - <==      Total: 5
2025-04-14 23:20:05.633 [http-nio-8888-exec-10] DEBUG com.asa.mapper.QuestionItemMapper.selectList - ==>  Preparing: SELECT item_id,item,create_time,update_time,delete_flag,version FROM question_item WHERE delete_flag=0 ORDER BY item_id DESC 
2025-04-14 23:20:05.635 [http-nio-8888-exec-10] DEBUG com.asa.mapper.QuestionItemMapper.selectList - ==> Parameters: 
2025-04-14 23:20:05.643 [http-nio-8888-exec-10] DEBUG com.asa.mapper.QuestionItemMapper.selectList - <==      Total: 5
2025-04-14 23:20:35.791 [http-nio-8888-exec-1] DEBUG com.asa.mapper.QuestionItemMapper.selectList - ==>  Preparing: SELECT item_id,item,create_time,update_time,delete_flag,version FROM question_item WHERE delete_flag=0 ORDER BY item_id DESC 
2025-04-14 23:20:35.794 [http-nio-8888-exec-1] DEBUG com.asa.mapper.QuestionItemMapper.selectList - ==> Parameters: 
2025-04-14 23:20:35.801 [http-nio-8888-exec-1] DEBUG com.asa.mapper.QuestionItemMapper.selectList - <==      Total: 5
2025-04-14 23:20:43.400 [http-nio-8888-exec-2] DEBUG com.asa.mapper.QuestionItemMapper.selectList - ==>  Preparing: SELECT item_id,item,create_time,update_time,delete_flag,version FROM question_item WHERE delete_flag=0 ORDER BY item_id DESC 
2025-04-14 23:20:43.402 [http-nio-8888-exec-2] DEBUG com.asa.mapper.QuestionItemMapper.selectList - ==> Parameters: 
2025-04-14 23:20:43.408 [http-nio-8888-exec-2] DEBUG com.asa.mapper.QuestionItemMapper.selectList - <==      Total: 5
2025-04-14 23:21:21.564 [http-nio-8888-exec-3] DEBUG com.asa.mapper.QuestionItemMapper.selectList - ==>  Preparing: SELECT item_id,item,create_time,update_time,delete_flag,version FROM question_item WHERE delete_flag=0 ORDER BY item_id DESC 
2025-04-14 23:21:21.566 [http-nio-8888-exec-3] DEBUG com.asa.mapper.QuestionItemMapper.selectList - ==> Parameters: 
2025-04-14 23:21:21.573 [http-nio-8888-exec-3] DEBUG com.asa.mapper.QuestionItemMapper.selectList - <==      Total: 5
2025-04-14 23:21:21.672 [http-nio-8888-exec-4] DEBUG com.asa.mapper.QuestionItemMapper.selectList - ==>  Preparing: SELECT item_id,item,create_time,update_time,delete_flag,version FROM question_item WHERE delete_flag=0 ORDER BY item_id DESC 
2025-04-14 23:21:21.675 [http-nio-8888-exec-4] DEBUG com.asa.mapper.QuestionItemMapper.selectList - ==> Parameters: 
2025-04-14 23:21:21.682 [http-nio-8888-exec-4] DEBUG com.asa.mapper.QuestionItemMapper.selectList - <==      Total: 5
2025-04-14 23:21:26.341 [http-nio-8888-exec-5] DEBUG com.asa.mapper.QuestionItemMapper.selectList - ==>  Preparing: SELECT item_id,item,create_time,update_time,delete_flag,version FROM question_item WHERE delete_flag=0 ORDER BY item_id DESC 
2025-04-14 23:21:26.343 [http-nio-8888-exec-5] DEBUG com.asa.mapper.QuestionItemMapper.selectList - ==> Parameters: 
2025-04-14 23:21:26.350 [http-nio-8888-exec-5] DEBUG com.asa.mapper.QuestionItemMapper.selectList - <==      Total: 5
2025-04-14 23:21:41.802 [http-nio-8888-exec-6] DEBUG com.asa.mapper.QuestionsMapper.insert - ==>  Preparing: INSERT INTO questions ( question, answer, create_time, update_time, delete_flag, version, item_id ) VALUES ( ?, ?, ?, ?, ?, ?, ? ) 
2025-04-14 23:21:41.804 [http-nio-8888-exec-6] DEBUG com.asa.mapper.QuestionsMapper.insert - ==> Parameters: 向日葵的问题1xxxxxxxxxxxxxxxx(String), xxxxxxxxxxxxxxxxxxxxxxxxxxxxxxxxxxxxxxxxxxxxxx(String), 2025-04-14 23:21:41.801(Timestamp), 2025-04-14 23:21:41.801(Timestamp), 0(Integer), 1(Integer), 2(Integer)
2025-04-14 23:21:41.968 [http-nio-8888-exec-6] DEBUG com.asa.mapper.QuestionsMapper.insert - <==    Updates: 1
2025-04-14 23:22:01.720 [http-nio-8888-exec-7] DEBUG com.asa.mapper.QuestionItemMapper.selectList - ==>  Preparing: SELECT item_id,item,create_time,update_time,delete_flag,version FROM question_item WHERE delete_flag=0 ORDER BY item_id DESC 
2025-04-14 23:22:01.722 [http-nio-8888-exec-7] DEBUG com.asa.mapper.QuestionItemMapper.selectList - ==> Parameters: 
2025-04-14 23:22:01.728 [http-nio-8888-exec-7] DEBUG com.asa.mapper.QuestionItemMapper.selectList - <==      Total: 5
2025-04-14 23:22:13.558 [http-nio-8888-exec-8] DEBUG com.asa.mapper.QuestionItemMapper.selectList - ==>  Preparing: SELECT item_id,item,create_time,update_time,delete_flag,version FROM question_item WHERE delete_flag=0 ORDER BY item_id DESC 
2025-04-14 23:22:13.561 [http-nio-8888-exec-8] DEBUG com.asa.mapper.QuestionItemMapper.selectList - ==> Parameters: 
2025-04-14 23:22:13.568 [http-nio-8888-exec-8] DEBUG com.asa.mapper.QuestionItemMapper.selectList - <==      Total: 5
2025-04-14 23:22:17.278 [http-nio-8888-exec-9] DEBUG com.asa.mapper.QuestionItemMapper.selectList - ==>  Preparing: SELECT item_id,item,create_time,update_time,delete_flag,version FROM question_item WHERE delete_flag=0 ORDER BY item_id DESC 
2025-04-14 23:22:17.279 [http-nio-8888-exec-9] DEBUG com.asa.mapper.QuestionItemMapper.selectList - ==> Parameters: 
2025-04-14 23:22:17.285 [http-nio-8888-exec-9] DEBUG com.asa.mapper.QuestionItemMapper.selectList - <==      Total: 5
2025-04-14 23:22:22.553 [http-nio-8888-exec-10] DEBUG com.asa.mapper.QuestionItemMapper.selectList - ==>  Preparing: SELECT item_id,item,create_time,update_time,delete_flag,version FROM question_item WHERE delete_flag=0 ORDER BY item_id DESC 
2025-04-14 23:22:22.554 [http-nio-8888-exec-10] DEBUG com.asa.mapper.QuestionItemMapper.selectList - ==> Parameters: 
2025-04-14 23:22:22.559 [http-nio-8888-exec-10] DEBUG com.asa.mapper.QuestionItemMapper.selectList - <==      Total: 5
2025-04-14 23:22:26.683 [http-nio-8888-exec-1] DEBUG com.asa.mapper.QuestionItemMapper.selectList - ==>  Preparing: SELECT item_id,item,create_time,update_time,delete_flag,version FROM question_item WHERE delete_flag=0 ORDER BY item_id DESC 
2025-04-14 23:22:26.684 [http-nio-8888-exec-1] DEBUG com.asa.mapper.QuestionItemMapper.selectList - ==> Parameters: 
2025-04-14 23:22:26.689 [http-nio-8888-exec-1] DEBUG com.asa.mapper.QuestionItemMapper.selectList - <==      Total: 5
2025-04-14 23:22:28.901 [http-nio-8888-exec-2] DEBUG com.asa.mapper.QuestionItemMapper.selectList - ==>  Preparing: SELECT item_id,item,create_time,update_time,delete_flag,version FROM question_item WHERE delete_flag=0 ORDER BY item_id DESC 
2025-04-14 23:22:28.904 [http-nio-8888-exec-2] DEBUG com.asa.mapper.QuestionItemMapper.selectList - ==> Parameters: 
2025-04-14 23:22:28.910 [http-nio-8888-exec-2] DEBUG com.asa.mapper.QuestionItemMapper.selectList - <==      Total: 5
2025-04-14 23:22:32.131 [http-nio-8888-exec-3] DEBUG com.asa.mapper.QuestionItemMapper.selectList - ==>  Preparing: SELECT item_id,item,create_time,update_time,delete_flag,version FROM question_item WHERE delete_flag=0 ORDER BY item_id DESC 
2025-04-14 23:22:32.133 [http-nio-8888-exec-3] DEBUG com.asa.mapper.QuestionItemMapper.selectList - ==> Parameters: 
2025-04-14 23:22:32.138 [http-nio-8888-exec-3] DEBUG com.asa.mapper.QuestionItemMapper.selectList - <==      Total: 5
2025-04-14 23:22:41.185 [http-nio-8888-exec-4] DEBUG com.asa.mapper.QuestionItemMapper.selectList - ==>  Preparing: SELECT item_id,item,create_time,update_time,delete_flag,version FROM question_item WHERE delete_flag=0 ORDER BY item_id DESC 
2025-04-14 23:22:41.188 [http-nio-8888-exec-4] DEBUG com.asa.mapper.QuestionItemMapper.selectList - ==> Parameters: 
2025-04-14 23:22:41.192 [http-nio-8888-exec-4] DEBUG com.asa.mapper.QuestionItemMapper.selectList - <==      Total: 5
2025-04-14 23:22:54.990 [http-nio-8888-exec-5] DEBUG com.asa.mapper.QuestionsMapper.insert - ==>  Preparing: INSERT INTO questions ( question, answer, create_time, update_time, delete_flag, version, item_id ) VALUES ( ?, ?, ?, ?, ?, ?, ? ) 
2025-04-14 23:22:54.992 [http-nio-8888-exec-5] DEBUG com.asa.mapper.QuestionsMapper.insert - ==> Parameters: 向日葵的问题2yyyyyyyyyyyyyyyyyyy(String), yyyyyyyyyyyyyyyyyyyyyyyyyyyyyyyyyyy(String), 2025-04-14 23:22:54.988(Timestamp), 2025-04-14 23:22:54.988(Timestamp), 0(Integer), 1(Integer), 2(Integer)
2025-04-14 23:22:55.109 [http-nio-8888-exec-5] DEBUG com.asa.mapper.QuestionsMapper.insert - <==    Updates: 1
2025-04-14 23:23:04.820 [http-nio-8888-exec-6] DEBUG com.asa.mapper.QuestionItemMapper.selectList - ==>  Preparing: SELECT item_id,item,create_time,update_time,delete_flag,version FROM question_item WHERE delete_flag=0 ORDER BY item_id DESC 
2025-04-14 23:23:04.822 [http-nio-8888-exec-6] DEBUG com.asa.mapper.QuestionItemMapper.selectList - ==> Parameters: 
2025-04-14 23:23:04.827 [http-nio-8888-exec-6] DEBUG com.asa.mapper.QuestionItemMapper.selectList - <==      Total: 5
2025-04-14 23:23:39.067 [http-nio-8888-exec-7] DEBUG com.asa.mapper.QuestionsMapper.insert - ==>  Preparing: INSERT INTO questions ( question, answer, create_time, update_time, delete_flag, version, item_id ) VALUES ( ?, ?, ?, ?, ?, ?, ? ) 
2025-04-14 23:23:39.070 [http-nio-8888-exec-7] DEBUG com.asa.mapper.QuestionsMapper.insert - ==> Parameters: 玫瑰花的问题1xxxxxxxxxxxxxxxxxxxxxxxxxxxxxxxxxxxxxxx(String), xxxxxxxxxxxxxxxxxxxxxxxxxxxxxxxxxxxxxx(String), 2025-04-14 23:23:39.064(Timestamp), 2025-04-14 23:23:39.064(Timestamp), 0(Integer), 1(Integer), 3(Integer)
2025-04-14 23:23:39.266 [http-nio-8888-exec-7] DEBUG com.asa.mapper.QuestionsMapper.insert - <==    Updates: 1
2025-04-14 23:24:20.484 [http-nio-8888-exec-8] DEBUG com.asa.mapper.QuestionItemMapper.selectList - ==>  Preparing: SELECT item_id,item,create_time,update_time,delete_flag,version FROM question_item WHERE delete_flag=0 ORDER BY item_id DESC 
2025-04-14 23:24:20.486 [http-nio-8888-exec-8] DEBUG com.asa.mapper.QuestionItemMapper.selectList - ==> Parameters: 
2025-04-14 23:24:20.490 [http-nio-8888-exec-8] DEBUG com.asa.mapper.QuestionItemMapper.selectList - <==      Total: 5
2025-04-14 23:24:22.456 [http-nio-8888-exec-9] DEBUG com.asa.mapper.QuestionItemMapper.selectList - ==>  Preparing: SELECT item_id,item,create_time,update_time,delete_flag,version FROM question_item WHERE delete_flag=0 ORDER BY item_id DESC 
2025-04-14 23:24:22.458 [http-nio-8888-exec-9] DEBUG com.asa.mapper.QuestionItemMapper.selectList - ==> Parameters: 
2025-04-14 23:24:22.463 [http-nio-8888-exec-9] DEBUG com.asa.mapper.QuestionItemMapper.selectList - <==      Total: 5
2025-04-14 23:53:47.459 [restartedMain] DEBUG com.asa.BackendApplication - Running with Spring Boot v2.6.13, Spring v5.3.23
2025-04-14 23:55:42.804 [http-nio-8888-exec-1] DEBUG com.asa.mapper.BackUserMapper.getUserByName - ==>  Preparing: select * from back_user where name = ? 
2025-04-14 23:55:42.837 [http-nio-8888-exec-1] DEBUG com.asa.mapper.BackUserMapper.getUserByName - ==> Parameters: zhangsan(String)
2025-04-14 23:55:42.876 [http-nio-8888-exec-1] DEBUG com.asa.mapper.BackUserMapper.getUserByName - <==      Total: 1
2025-04-14 23:55:48.749 [http-nio-8888-exec-2] DEBUG com.asa.mapper.QuestionItemMapper.selectList - ==>  Preparing: SELECT item_id,item,create_time,update_time,delete_flag,version FROM question_item WHERE delete_flag=0 ORDER BY item_id DESC 
2025-04-14 23:55:48.751 [http-nio-8888-exec-2] DEBUG com.asa.mapper.QuestionItemMapper.selectList - ==> Parameters: 
2025-04-14 23:55:48.760 [http-nio-8888-exec-2] DEBUG com.asa.mapper.QuestionItemMapper.selectList - <==      Total: 5
2025-04-14 23:59:37.445 [http-nio-8888-exec-3] DEBUG com.asa.mapper.QuestionItemMapper.selectList - ==>  Preparing: SELECT item_id,item,create_time,update_time,delete_flag,version FROM question_item WHERE delete_flag=0 ORDER BY item_id DESC 
2025-04-14 23:59:37.447 [http-nio-8888-exec-3] DEBUG com.asa.mapper.QuestionItemMapper.selectList - ==> Parameters: 
2025-04-14 23:59:37.456 [http-nio-8888-exec-3] DEBUG com.asa.mapper.QuestionItemMapper.selectList - <==      Total: 5
2025-04-14 23:59:39.275 [http-nio-8888-exec-4] DEBUG com.asa.mapper.QuestionItemMapper.selectList - ==>  Preparing: SELECT item_id,item,create_time,update_time,delete_flag,version FROM question_item WHERE delete_flag=0 ORDER BY item_id DESC 
2025-04-14 23:59:39.277 [http-nio-8888-exec-4] DEBUG com.asa.mapper.QuestionItemMapper.selectList - ==> Parameters: 
2025-04-14 23:59:39.289 [http-nio-8888-exec-4] DEBUG com.asa.mapper.QuestionItemMapper.selectList - <==      Total: 5
2025-04-14 23:59:45.213 [http-nio-8888-exec-5] DEBUG com.asa.mapper.QuestionItemMapper.selectList - ==>  Preparing: SELECT item_id,item,create_time,update_time,delete_flag,version FROM question_item WHERE delete_flag=0 ORDER BY item_id DESC 
2025-04-14 23:59:45.216 [http-nio-8888-exec-5] DEBUG com.asa.mapper.QuestionItemMapper.selectList - ==> Parameters: 
2025-04-14 23:59:45.239 [http-nio-8888-exec-5] DEBUG com.asa.mapper.QuestionItemMapper.selectList - <==      Total: 5
2025-04-14 23:59:50.006 [http-nio-8888-exec-6] DEBUG com.asa.mapper.QuestionItemMapper.selectList - ==>  Preparing: SELECT item_id,item,create_time,update_time,delete_flag,version FROM question_item WHERE delete_flag=0 ORDER BY item_id DESC 
2025-04-14 23:59:50.008 [http-nio-8888-exec-6] DEBUG com.asa.mapper.QuestionItemMapper.selectList - ==> Parameters: 
2025-04-14 23:59:50.014 [http-nio-8888-exec-6] DEBUG com.asa.mapper.QuestionItemMapper.selectList - <==      Total: 5
