2025-04-09 00:34:34.275 [http-nio-8888-exec-4] DEBUG com.asa.mapper.BackUserMapper.getUserByName - ==>  Preparing: select * from back_user where name = ? 
2025-04-09 00:34:34.282 [http-nio-8888-exec-4] DEBUG com.asa.mapper.BackUserMapper.getUserByName - ==> Parameters: zhangsan(String)
2025-04-09 00:34:34.287 [http-nio-8888-exec-4] DEBUG com.asa.mapper.BackUserMapper.getUserByName - <==      Total: 1
2025-04-09 00:37:13.216 [http-nio-8888-exec-5] DEBUG com.asa.mapper.BackUserMapper.getUserByName - ==>  Preparing: select * from back_user where name = ? 
2025-04-09 00:37:13.217 [http-nio-8888-exec-5] DEBUG com.asa.mapper.BackUserMapper.getUserByName - ==> Parameters: zhangsan(String)
2025-04-09 00:37:13.218 [http-nio-8888-exec-5] DEBUG com.asa.mapper.BackUserMapper.getUserByName - <==      Total: 1
2025-04-09 00:37:59.401 [http-nio-8888-exec-6] DEBUG com.asa.mapper.BackUserMapper.getUserByName - ==>  Preparing: select * from back_user where name = ? 
2025-04-09 00:37:59.402 [http-nio-8888-exec-6] DEBUG com.asa.mapper.BackUserMapper.getUserByName - ==> Parameters: lisi(String)
2025-04-09 00:37:59.403 [http-nio-8888-exec-6] DEBUG com.asa.mapper.BackUserMapper.getUserByName - <==      Total: 1
2025-04-09 00:38:55.879 [http-nio-8888-exec-7] DEBUG com.asa.mapper.BackUserMapper.getUserByName - ==>  Preparing: select * from back_user where name = ? 
2025-04-09 00:38:55.880 [http-nio-8888-exec-7] DEBUG com.asa.mapper.BackUserMapper.getUserByName - ==> Parameters: lisi(String)
2025-04-09 00:38:55.882 [http-nio-8888-exec-7] DEBUG com.asa.mapper.BackUserMapper.getUserByName - <==      Total: 1
2025-04-09 00:41:37.654 [http-nio-8888-exec-8] DEBUG com.asa.mapper.BackUserMapper.getUserByName - ==>  Preparing: select * from back_user where name = ? 
2025-04-09 00:41:37.655 [http-nio-8888-exec-8] DEBUG com.asa.mapper.BackUserMapper.getUserByName - ==> Parameters: lisi(String)
2025-04-09 00:41:37.658 [http-nio-8888-exec-8] DEBUG com.asa.mapper.BackUserMapper.getUserByName - <==      Total: 1
2025-04-09 00:44:15.109 [http-nio-8888-exec-9] DEBUG com.asa.mapper.BackUserMapper.getUserByName - ==>  Preparing: select * from back_user where name = ? 
2025-04-09 00:44:15.110 [http-nio-8888-exec-9] DEBUG com.asa.mapper.BackUserMapper.getUserByName - ==> Parameters: lisi(String)
2025-04-09 00:44:15.113 [http-nio-8888-exec-9] DEBUG com.asa.mapper.BackUserMapper.getUserByName - <==      Total: 1
2025-04-09 00:45:33.737 [http-nio-8888-exec-10] DEBUG com.asa.mapper.BackUserMapper.getUserByName - ==>  Preparing: select * from back_user where name = ? 
2025-04-09 00:45:33.738 [http-nio-8888-exec-10] DEBUG com.asa.mapper.BackUserMapper.getUserByName - ==> Parameters: lisi(String)
2025-04-09 00:45:33.740 [http-nio-8888-exec-10] DEBUG com.asa.mapper.BackUserMapper.getUserByName - <==      Total: 1
2025-04-09 00:46:42.740 [http-nio-8888-exec-1] DEBUG com.asa.mapper.BackUserMapper.getUserByName - ==>  Preparing: select * from back_user where name = ? 
2025-04-09 00:46:42.740 [http-nio-8888-exec-1] DEBUG com.asa.mapper.BackUserMapper.getUserByName - ==> Parameters: lisi(String)
2025-04-09 00:46:42.742 [http-nio-8888-exec-1] DEBUG com.asa.mapper.BackUserMapper.getUserByName - <==      Total: 1
2025-04-09 01:03:50.635 [http-nio-8888-exec-2] DEBUG com.asa.mapper.BackUserMapper.getUserByName - ==>  Preparing: select * from back_user where name = ? 
2025-04-09 01:03:50.636 [http-nio-8888-exec-2] DEBUG com.asa.mapper.BackUserMapper.getUserByName - ==> Parameters: lisi(String)
2025-04-09 01:03:50.641 [http-nio-8888-exec-2] DEBUG com.asa.mapper.BackUserMapper.getUserByName - <==      Total: 1
2025-04-09 01:04:35.071 [http-nio-8888-exec-3] DEBUG com.asa.mapper.BackUserMapper.getUserByName - ==>  Preparing: select * from back_user where name = ? 
2025-04-09 01:04:35.072 [http-nio-8888-exec-3] DEBUG com.asa.mapper.BackUserMapper.getUserByName - ==> Parameters: zhangsan(String)
2025-04-09 01:04:35.075 [http-nio-8888-exec-3] DEBUG com.asa.mapper.BackUserMapper.getUserByName - <==      Total: 1
2025-04-09 01:06:32.559 [http-nio-8888-exec-4] DEBUG com.asa.mapper.BackUserMapper.getUserByName - ==>  Preparing: select * from back_user where name = ? 
2025-04-09 01:06:32.560 [http-nio-8888-exec-4] DEBUG com.asa.mapper.BackUserMapper.getUserByName - ==> Parameters: zhangsan(String)
2025-04-09 01:06:32.562 [http-nio-8888-exec-4] DEBUG com.asa.mapper.BackUserMapper.getUserByName - <==      Total: 1
2025-04-09 01:12:01.822 [http-nio-8888-exec-5] DEBUG com.asa.mapper.BackUserMapper.getUserByName - ==>  Preparing: select * from back_user where name = ? 
2025-04-09 01:12:01.823 [http-nio-8888-exec-5] DEBUG com.asa.mapper.BackUserMapper.getUserByName - ==> Parameters: zhangsan(String)
2025-04-09 01:12:01.825 [http-nio-8888-exec-5] DEBUG com.asa.mapper.BackUserMapper.getUserByName - <==      Total: 1
2025-04-09 01:13:27.997 [http-nio-8888-exec-6] DEBUG com.asa.mapper.BackUserMapper.getUserByName - ==>  Preparing: select * from back_user where name = ? 
2025-04-09 01:13:28.000 [http-nio-8888-exec-6] DEBUG com.asa.mapper.BackUserMapper.getUserByName - ==> Parameters: lisi(String)
2025-04-09 01:13:28.008 [http-nio-8888-exec-6] DEBUG com.asa.mapper.BackUserMapper.getUserByName - <==      Total: 1
2025-04-09 01:14:42.231 [http-nio-8888-exec-7] DEBUG com.asa.mapper.BackUserMapper.getUserByName - ==>  Preparing: select * from back_user where name = ? 
2025-04-09 01:14:42.233 [http-nio-8888-exec-7] DEBUG com.asa.mapper.BackUserMapper.getUserByName - ==> Parameters: lisi(String)
2025-04-09 01:14:42.234 [http-nio-8888-exec-7] DEBUG com.asa.mapper.BackUserMapper.getUserByName - <==      Total: 1
2025-04-09 01:16:05.615 [http-nio-8888-exec-8] DEBUG com.asa.mapper.BackUserMapper.getUserByName - ==>  Preparing: select * from back_user where name = ? 
2025-04-09 01:16:05.616 [http-nio-8888-exec-8] DEBUG com.asa.mapper.BackUserMapper.getUserByName - ==> Parameters: lisi(String)
2025-04-09 01:16:05.618 [http-nio-8888-exec-8] DEBUG com.asa.mapper.BackUserMapper.getUserByName - <==      Total: 1
2025-04-09 01:21:51.452 [http-nio-8888-exec-9] DEBUG com.asa.mapper.BackUserMapper.getUserByName - ==>  Preparing: select * from back_user where name = ? 
2025-04-09 01:21:51.453 [http-nio-8888-exec-9] DEBUG com.asa.mapper.BackUserMapper.getUserByName - ==> Parameters: lisi(String)
2025-04-09 01:21:51.457 [http-nio-8888-exec-9] DEBUG com.asa.mapper.BackUserMapper.getUserByName - <==      Total: 1
2025-04-09 01:22:40.000 [http-nio-8888-exec-10] DEBUG com.asa.mapper.BackUserMapper.getUserByName - ==>  Preparing: select * from back_user where name = ? 
2025-04-09 01:22:40.001 [http-nio-8888-exec-10] DEBUG com.asa.mapper.BackUserMapper.getUserByName - ==> Parameters: lisi(String)
2025-04-09 01:22:40.006 [http-nio-8888-exec-10] DEBUG com.asa.mapper.BackUserMapper.getUserByName - <==      Total: 1
2025-04-09 01:24:47.715 [http-nio-8888-exec-1] DEBUG com.asa.mapper.BackUserMapper.getUserByName - ==>  Preparing: select * from back_user where name = ? 
2025-04-09 01:24:47.716 [http-nio-8888-exec-1] DEBUG com.asa.mapper.BackUserMapper.getUserByName - ==> Parameters: lisi(String)
2025-04-09 01:24:47.718 [http-nio-8888-exec-1] DEBUG com.asa.mapper.BackUserMapper.getUserByName - <==      Total: 1
2025-04-09 01:25:27.581 [http-nio-8888-exec-2] DEBUG com.asa.mapper.BackUserMapper.getUserByName - ==>  Preparing: select * from back_user where name = ? 
2025-04-09 01:25:27.582 [http-nio-8888-exec-2] DEBUG com.asa.mapper.BackUserMapper.getUserByName - ==> Parameters: zhangsan(String)
2025-04-09 01:25:27.583 [http-nio-8888-exec-2] DEBUG com.asa.mapper.BackUserMapper.getUserByName - <==      Total: 1
2025-04-09 01:27:03.969 [http-nio-8888-exec-3] DEBUG com.asa.mapper.BackUserMapper.getUserByName - ==>  Preparing: select * from back_user where name = ? 
2025-04-09 01:27:03.970 [http-nio-8888-exec-3] DEBUG com.asa.mapper.BackUserMapper.getUserByName - ==> Parameters: zhangsan(String)
2025-04-09 01:27:03.972 [http-nio-8888-exec-3] DEBUG com.asa.mapper.BackUserMapper.getUserByName - <==      Total: 1
2025-04-09 01:29:21.892 [http-nio-8888-exec-4] DEBUG com.asa.mapper.BackUserMapper.getUserByName - ==>  Preparing: select * from back_user where name = ? 
2025-04-09 01:29:21.893 [http-nio-8888-exec-4] DEBUG com.asa.mapper.BackUserMapper.getUserByName - ==> Parameters: zhangsan(String)
2025-04-09 01:29:21.894 [http-nio-8888-exec-4] DEBUG com.asa.mapper.BackUserMapper.getUserByName - <==      Total: 1
2025-04-09 01:29:30.990 [http-nio-8888-exec-5] DEBUG com.asa.mapper.BackUserMapper.getUserByName - ==>  Preparing: select * from back_user where name = ? 
2025-04-09 01:29:30.991 [http-nio-8888-exec-5] DEBUG com.asa.mapper.BackUserMapper.getUserByName - ==> Parameters: lisi(String)
2025-04-09 01:29:30.992 [http-nio-8888-exec-5] DEBUG com.asa.mapper.BackUserMapper.getUserByName - <==      Total: 1
2025-04-09 01:30:00.429 [http-nio-8888-exec-6] DEBUG com.asa.mapper.BackUserMapper.getUserByName - ==>  Preparing: select * from back_user where name = ? 
2025-04-09 01:30:00.429 [http-nio-8888-exec-6] DEBUG com.asa.mapper.BackUserMapper.getUserByName - ==> Parameters: zhangsan(String)
2025-04-09 01:30:00.431 [http-nio-8888-exec-6] DEBUG com.asa.mapper.BackUserMapper.getUserByName - <==      Total: 1
2025-04-09 01:31:19.205 [http-nio-8888-exec-7] DEBUG com.asa.mapper.BackUserMapper.getUserByName - ==>  Preparing: select * from back_user where name = ? 
2025-04-09 01:31:19.206 [http-nio-8888-exec-7] DEBUG com.asa.mapper.BackUserMapper.getUserByName - ==> Parameters: zhangsan(String)
2025-04-09 01:31:19.208 [http-nio-8888-exec-7] DEBUG com.asa.mapper.BackUserMapper.getUserByName - <==      Total: 1
2025-04-09 01:31:58.895 [http-nio-8888-exec-8] DEBUG com.asa.mapper.BackUserMapper.getUserByName - ==>  Preparing: select * from back_user where name = ? 
2025-04-09 01:31:58.896 [http-nio-8888-exec-8] DEBUG com.asa.mapper.BackUserMapper.getUserByName - ==> Parameters: zhangsan(String)
2025-04-09 01:31:58.898 [http-nio-8888-exec-8] DEBUG com.asa.mapper.BackUserMapper.getUserByName - <==      Total: 1
2025-04-09 01:32:18.291 [http-nio-8888-exec-9] DEBUG com.asa.mapper.BackUserMapper.getUserByName - ==>  Preparing: select * from back_user where name = ? 
2025-04-09 01:32:18.292 [http-nio-8888-exec-9] DEBUG com.asa.mapper.BackUserMapper.getUserByName - ==> Parameters: zhangsan(String)
2025-04-09 01:32:18.293 [http-nio-8888-exec-9] DEBUG com.asa.mapper.BackUserMapper.getUserByName - <==      Total: 1
2025-04-09 01:32:26.293 [http-nio-8888-exec-10] DEBUG com.asa.mapper.BackUserMapper.getUserByName - ==>  Preparing: select * from back_user where name = ? 
2025-04-09 01:32:26.294 [http-nio-8888-exec-10] DEBUG com.asa.mapper.BackUserMapper.getUserByName - ==> Parameters: lisi(String)
2025-04-09 01:32:26.295 [http-nio-8888-exec-10] DEBUG com.asa.mapper.BackUserMapper.getUserByName - <==      Total: 1
2025-04-09 01:33:27.045 [http-nio-8888-exec-1] DEBUG com.asa.mapper.BackUserMapper.getUserByName - ==>  Preparing: select * from back_user where name = ? 
2025-04-09 01:33:27.046 [http-nio-8888-exec-1] DEBUG com.asa.mapper.BackUserMapper.getUserByName - ==> Parameters: zhangsan(String)
2025-04-09 01:33:27.047 [http-nio-8888-exec-1] DEBUG com.asa.mapper.BackUserMapper.getUserByName - <==      Total: 1
2025-04-09 01:36:02.311 [http-nio-8888-exec-2] DEBUG com.asa.mapper.BackUserMapper.getUserByName - ==>  Preparing: select * from back_user where name = ? 
2025-04-09 01:36:02.312 [http-nio-8888-exec-2] DEBUG com.asa.mapper.BackUserMapper.getUserByName - ==> Parameters: zhangsan(String)
2025-04-09 01:36:02.314 [http-nio-8888-exec-2] DEBUG com.asa.mapper.BackUserMapper.getUserByName - <==      Total: 1
2025-04-09 01:36:31.387 [http-nio-8888-exec-3] DEBUG com.asa.mapper.BackUserMapper.getUserByName - ==>  Preparing: select * from back_user where name = ? 
2025-04-09 01:36:31.388 [http-nio-8888-exec-3] DEBUG com.asa.mapper.BackUserMapper.getUserByName - ==> Parameters: lisi(String)
2025-04-09 01:36:31.390 [http-nio-8888-exec-3] DEBUG com.asa.mapper.BackUserMapper.getUserByName - <==      Total: 1
2025-04-09 02:07:02.543 [http-nio-8888-exec-5] DEBUG com.asa.mapper.BackUserMapper.getUserByName - ==>  Preparing: select * from back_user where name = ? 
2025-04-09 02:07:02.544 [http-nio-8888-exec-5] DEBUG com.asa.mapper.BackUserMapper.getUserByName - ==> Parameters: (String)
2025-04-09 02:07:02.548 [http-nio-8888-exec-5] DEBUG com.asa.mapper.BackUserMapper.getUserByName - <==      Total: 0
2025-04-09 02:26:21.576 [restartedMain] DEBUG com.asa.BackendApplication - Running with Spring Boot v2.6.13, Spring v5.3.23
2025-04-09 02:29:39.644 [http-nio-8888-exec-1] DEBUG com.asa.mapper.BackUserMapper.insert - ==>  Preparing: INSERT INTO back_user ( id, name, mobile, password, create_time, update_time, delete_flag, version ) VALUES ( ?, ?, ?, ?, ?, ?, ?, ? ) 
2025-04-09 02:29:39.673 [http-nio-8888-exec-1] DEBUG com.asa.mapper.BackUserMapper.insert - ==> Parameters: 1909675015679361025(Long), wangwu(String), 11111111111(String), 123456(String), 2025-04-09 02:29:38.442(Timestamp), 2025-04-09 02:29:38.444(Timestamp), 0(Integer), 1(Integer)
2025-04-09 02:31:09.998 [http-nio-8888-exec-2] DEBUG com.asa.mapper.BackUserMapper.insert - ==>  Preparing: INSERT INTO back_user ( id, name, mobile, password, create_time, update_time, delete_flag, version ) VALUES ( ?, ?, ?, ?, ?, ?, ?, ? ) 
2025-04-09 02:31:09.999 [http-nio-8888-exec-2] DEBUG com.asa.mapper.BackUserMapper.insert - ==> Parameters: 1909675399659503618(Long), tianqi(String), 11111111111(String), 123456(String), 2025-04-09 02:31:09.996(Timestamp), 2025-04-09 02:31:09.996(Timestamp), 0(Integer), 1(Integer)
2025-04-09 02:31:10.765 [http-nio-8888-exec-2] DEBUG com.asa.mapper.BackUserMapper.insert - <==    Updates: 1
2025-04-09 02:34:08.925 [http-nio-8888-exec-3] DEBUG com.asa.mapper.BackUserMapper.insert - ==>  Preparing: INSERT INTO back_user ( id, name, mobile, password, create_time, update_time, delete_flag, version ) VALUES ( ?, ?, ?, ?, ?, ?, ?, ? ) 
2025-04-09 02:34:08.927 [http-nio-8888-exec-3] DEBUG com.asa.mapper.BackUserMapper.insert - ==> Parameters: 1909676150133735426(Long), xuechang(String), 33333333333(String), 123456(String), 2025-04-09 02:34:08.924(Timestamp), 2025-04-09 02:34:08.924(Timestamp), 0(Integer), 1(Integer)
2025-04-09 02:34:09.032 [http-nio-8888-exec-3] DEBUG com.asa.mapper.BackUserMapper.insert - <==    Updates: 1
2025-04-09 02:34:30.898 [http-nio-8888-exec-4] DEBUG com.asa.mapper.BackUserMapper.getUserByName - ==>  Preparing: select * from back_user where name = ? 
2025-04-09 02:34:30.899 [http-nio-8888-exec-4] DEBUG com.asa.mapper.BackUserMapper.getUserByName - ==> Parameters: xuechang(String)
2025-04-09 02:34:30.943 [http-nio-8888-exec-4] DEBUG com.asa.mapper.BackUserMapper.getUserByName - <==      Total: 1
2025-04-09 02:34:58.529 [http-nio-8888-exec-5] DEBUG com.asa.mapper.BackUserMapper.insert - ==>  Preparing: INSERT INTO back_user ( id, name, mobile, password, create_time, update_time, delete_flag, version ) VALUES ( ?, ?, ?, ?, ?, ?, ?, ? ) 
2025-04-09 02:34:58.531 [http-nio-8888-exec-5] DEBUG com.asa.mapper.BackUserMapper.insert - ==> Parameters: 1909676358167019522(Long), elaine(String), 33333333333(String), 333333(String), 2025-04-09 02:34:58.528(Timestamp), 2025-04-09 02:34:58.528(Timestamp), 0(Integer), 1(Integer)
2025-04-09 02:34:59.073 [http-nio-8888-exec-5] DEBUG com.asa.mapper.BackUserMapper.insert - <==    Updates: 1
2025-04-09 02:37:12.086 [http-nio-8888-exec-6] DEBUG com.asa.mapper.BackUserMapper.insert - ==>  Preparing: INSERT INTO back_user ( id, name, mobile, password, create_time, update_time, delete_flag, version ) VALUES ( ?, ?, ?, ?, ?, ?, ?, ? ) 
2025-04-09 02:37:12.088 [http-nio-8888-exec-6] DEBUG com.asa.mapper.BackUserMapper.insert - ==> Parameters: 1909676918366650370(Long), 121(String), 212(String), 212(String), 2025-04-09 02:37:12.085(Timestamp), 2025-04-09 02:37:12.085(Timestamp), 0(Integer), 1(Integer)
2025-04-09 02:37:12.148 [http-nio-8888-exec-6] DEBUG com.asa.mapper.BackUserMapper.insert - <==    Updates: 1
2025-04-09 02:39:39.218 [restartedMain] DEBUG com.asa.BackendApplication - Running with Spring Boot v2.6.13, Spring v5.3.23
2025-04-09 02:40:58.721 [http-nio-8888-exec-2] DEBUG com.asa.mapper.BackUserMapper.insert - ==>  Preparing: INSERT INTO back_user ( id, name, mobile, password, create_time, update_time, delete_flag, version ) VALUES ( ?, ?, ?, ?, ?, ?, ?, ? ) 
2025-04-09 02:40:58.749 [http-nio-8888-exec-2] DEBUG com.asa.mapper.BackUserMapper.insert - ==> Parameters: 1909677864555503617(Long), zhengzheng(String), 99999999999(String), 123456(String), 2025-04-09 02:40:57.667(Timestamp), 2025-04-09 02:40:57.669(Timestamp), 0(Integer), 1(Integer)
2025-04-09 02:40:58.816 [http-nio-8888-exec-2] DEBUG com.asa.mapper.BackUserMapper.insert - <==    Updates: 1
2025-04-09 02:42:19.638 [http-nio-8888-exec-4] DEBUG com.asa.mapper.BackUserMapper.getUserByName - ==>  Preparing: select * from back_user where name = ? 
2025-04-09 02:42:19.639 [http-nio-8888-exec-4] DEBUG com.asa.mapper.BackUserMapper.getUserByName - ==> Parameters: zhangsan(String)
2025-04-09 02:42:19.669 [http-nio-8888-exec-4] DEBUG com.asa.mapper.BackUserMapper.getUserByName - <==      Total: 0
2025-04-09 02:42:32.123 [http-nio-8888-exec-5] DEBUG com.asa.mapper.BackUserMapper.insert - ==>  Preparing: INSERT INTO back_user ( id, name, mobile, password, create_time, update_time, delete_flag, version ) VALUES ( ?, ?, ?, ?, ?, ?, ?, ? ) 
2025-04-09 02:42:32.125 [http-nio-8888-exec-5] DEBUG com.asa.mapper.BackUserMapper.insert - ==> Parameters: 1909678260678156289(Long), zhangsan(String), 13192019566(String), 2247218(String), 2025-04-09 02:42:32.121(Timestamp), 2025-04-09 02:42:32.121(Timestamp), 0(Integer), 1(Integer)
2025-04-09 02:42:32.191 [http-nio-8888-exec-5] DEBUG com.asa.mapper.BackUserMapper.insert - <==    Updates: 1
2025-04-09 02:42:39.973 [http-nio-8888-exec-7] DEBUG com.asa.mapper.BackUserMapper.getUserByName - ==>  Preparing: select * from back_user where name = ? 
2025-04-09 02:42:39.974 [http-nio-8888-exec-7] DEBUG com.asa.mapper.BackUserMapper.getUserByName - ==> Parameters: zhangsan(String)
2025-04-09 02:42:39.979 [http-nio-8888-exec-7] DEBUG com.asa.mapper.BackUserMapper.getUserByName - <==      Total: 1
2025-04-09 02:42:46.816 [http-nio-8888-exec-6] DEBUG com.asa.mapper.BackUserMapper.getUserByName - ==>  Preparing: select * from back_user where name = ? 
2025-04-09 02:42:46.819 [http-nio-8888-exec-6] DEBUG com.asa.mapper.BackUserMapper.getUserByName - ==> Parameters: zhangsan(String)
2025-04-09 02:42:46.824 [http-nio-8888-exec-6] DEBUG com.asa.mapper.BackUserMapper.getUserByName - <==      Total: 1
2025-04-09 02:43:11.119 [http-nio-8888-exec-9] DEBUG com.asa.mapper.BackUserMapper.getUserByName - ==>  Preparing: select * from back_user where name = ? 
2025-04-09 02:43:11.120 [http-nio-8888-exec-9] DEBUG com.asa.mapper.BackUserMapper.getUserByName - ==> Parameters: zhangsan(String)
2025-04-09 02:43:11.122 [http-nio-8888-exec-9] DEBUG com.asa.mapper.BackUserMapper.getUserByName - <==      Total: 1
2025-04-09 02:44:51.266 [http-nio-8888-exec-8] DEBUG com.asa.mapper.BackUserMapper.getUserByName - ==>  Preparing: select * from back_user where name = ? 
2025-04-09 02:44:51.266 [http-nio-8888-exec-8] DEBUG com.asa.mapper.BackUserMapper.getUserByName - ==> Parameters: zhangsan(String)
2025-04-09 02:44:51.268 [http-nio-8888-exec-8] DEBUG com.asa.mapper.BackUserMapper.getUserByName - <==      Total: 0
2025-04-09 02:45:03.367 [http-nio-8888-exec-10] DEBUG com.asa.mapper.BackUserMapper.insert - ==>  Preparing: INSERT INTO back_user ( id, name, mobile, password, create_time, update_time, delete_flag, version ) VALUES ( ?, ?, ?, ?, ?, ?, ?, ? ) 
2025-04-09 02:45:03.369 [http-nio-8888-exec-10] DEBUG com.asa.mapper.BackUserMapper.insert - ==> Parameters: 1909678895066636289(Long), zhangsan(String), 11111111111(String), 224728(String), 2025-04-09 02:45:03.366(Timestamp), 2025-04-09 02:45:03.366(Timestamp), 0(Integer), 1(Integer)
2025-04-09 02:45:03.473 [http-nio-8888-exec-10] DEBUG com.asa.mapper.BackUserMapper.insert - <==    Updates: 1
2025-04-09 02:45:15.380 [http-nio-8888-exec-1] DEBUG com.asa.mapper.BackUserMapper.getUserByName - ==>  Preparing: select * from back_user where name = ? 
2025-04-09 02:45:15.381 [http-nio-8888-exec-1] DEBUG com.asa.mapper.BackUserMapper.getUserByName - ==> Parameters: zhangsan(String)
2025-04-09 02:45:15.384 [http-nio-8888-exec-1] DEBUG com.asa.mapper.BackUserMapper.getUserByName - <==      Total: 1
2025-04-09 03:51:09.948 [restartedMain] DEBUG com.asa.BackendApplication - Running with Spring Boot v2.6.13, Spring v5.3.23
2025-04-09 03:51:51.922 [http-nio-8888-exec-1] DEBUG com.asa.mapper.BackUserMapper.getUserByName - ==>  Preparing: select * from back_user where name = ? 
2025-04-09 03:51:51.949 [http-nio-8888-exec-1] DEBUG com.asa.mapper.BackUserMapper.getUserByName - ==> Parameters: zhangsan(String)
2025-04-09 03:51:51.974 [http-nio-8888-exec-1] DEBUG com.asa.mapper.BackUserMapper.getUserByName - <==      Total: 1
2025-04-09 03:51:52.014 [http-nio-8888-exec-1] DEBUG com.asa.mapper.BackUserMapper.updateById - ==>  Preparing: UPDATE back_user SET password=?, update_time=? WHERE id=? AND delete_flag=0 
2025-04-09 03:51:52.016 [http-nio-8888-exec-1] DEBUG com.asa.mapper.BackUserMapper.updateById - ==> Parameters: 666666(String), 2025-04-09 03:51:52.011(Timestamp), 1909678895066636289(Long)
2025-04-09 03:51:52.164 [http-nio-8888-exec-1] DEBUG com.asa.mapper.BackUserMapper.updateById - <==    Updates: 1
2025-04-09 03:52:36.610 [http-nio-8888-exec-2] DEBUG com.asa.mapper.BackUserMapper.getUserByName - ==>  Preparing: select * from back_user where name = ? 
2025-04-09 03:52:36.611 [http-nio-8888-exec-2] DEBUG com.asa.mapper.BackUserMapper.getUserByName - ==> Parameters: zhangsan(String)
2025-04-09 03:52:36.613 [http-nio-8888-exec-2] DEBUG com.asa.mapper.BackUserMapper.getUserByName - <==      Total: 1
2025-04-09 03:52:36.615 [http-nio-8888-exec-2] DEBUG com.asa.mapper.BackUserMapper.updateById - ==>  Preparing: UPDATE back_user SET password=?, update_time=? WHERE id=? AND delete_flag=0 
2025-04-09 03:52:36.616 [http-nio-8888-exec-2] DEBUG com.asa.mapper.BackUserMapper.updateById - ==> Parameters: 888888(String), 2025-04-09 03:52:36.615(Timestamp), 1909678895066636289(Long)
2025-04-09 03:52:37.141 [http-nio-8888-exec-2] DEBUG com.asa.mapper.BackUserMapper.updateById - <==    Updates: 1
2025-04-09 03:54:11.292 [http-nio-8888-exec-3] DEBUG com.asa.mapper.BackUserMapper.getUserByName - ==>  Preparing: select * from back_user where name = ? 
2025-04-09 03:54:11.293 [http-nio-8888-exec-3] DEBUG com.asa.mapper.BackUserMapper.getUserByName - ==> Parameters: zhangsan(String)
2025-04-09 03:54:11.295 [http-nio-8888-exec-3] DEBUG com.asa.mapper.BackUserMapper.getUserByName - <==      Total: 1
2025-04-09 03:54:11.297 [http-nio-8888-exec-3] DEBUG com.asa.mapper.BackUserMapper.updateById - ==>  Preparing: UPDATE back_user SET password=?, update_time=? WHERE id=? AND delete_flag=0 
2025-04-09 03:54:11.298 [http-nio-8888-exec-3] DEBUG com.asa.mapper.BackUserMapper.updateById - ==> Parameters: 666666(String), 2025-04-09 03:54:11.297(Timestamp), 1909678895066636289(Long)
2025-04-09 03:54:11.353 [http-nio-8888-exec-3] DEBUG com.asa.mapper.BackUserMapper.updateById - <==    Updates: 1
2025-04-09 03:56:14.859 [http-nio-8888-exec-4] DEBUG com.asa.mapper.BackUserMapper.getUserByName - ==>  Preparing: select * from back_user where name = ? 
2025-04-09 03:56:14.859 [http-nio-8888-exec-4] DEBUG com.asa.mapper.BackUserMapper.getUserByName - ==> Parameters: zhangsan(String)
2025-04-09 03:56:14.861 [http-nio-8888-exec-4] DEBUG com.asa.mapper.BackUserMapper.getUserByName - <==      Total: 1
2025-04-09 03:56:14.863 [http-nio-8888-exec-4] DEBUG com.asa.mapper.BackUserMapper.updateById - ==>  Preparing: UPDATE back_user SET password=?, update_time=? WHERE id=? AND delete_flag=0 
2025-04-09 03:56:14.863 [http-nio-8888-exec-4] DEBUG com.asa.mapper.BackUserMapper.updateById - ==> Parameters: 123456(String), 2025-04-09 03:56:14.862(Timestamp), 1909678895066636289(Long)
2025-04-09 03:56:14.922 [http-nio-8888-exec-4] DEBUG com.asa.mapper.BackUserMapper.updateById - <==    Updates: 1
2025-04-09 03:59:03.587 [http-nio-8888-exec-5] DEBUG com.asa.mapper.BackUserMapper.getUserByName - ==>  Preparing: select * from back_user where name = ? 
2025-04-09 03:59:03.587 [http-nio-8888-exec-5] DEBUG com.asa.mapper.BackUserMapper.getUserByName - ==> Parameters: zhangsan(String)
2025-04-09 03:59:03.590 [http-nio-8888-exec-5] DEBUG com.asa.mapper.BackUserMapper.getUserByName - <==      Total: 1
2025-04-09 03:59:03.592 [http-nio-8888-exec-5] DEBUG com.asa.mapper.BackUserMapper.updateById - ==>  Preparing: UPDATE back_user SET password=?, update_time=? WHERE id=? AND delete_flag=0 
2025-04-09 03:59:03.593 [http-nio-8888-exec-5] DEBUG com.asa.mapper.BackUserMapper.updateById - ==> Parameters: 123456(String), 2025-04-09 03:59:03.591(Timestamp), 1909678895066636289(Long)
2025-04-09 03:59:03.703 [http-nio-8888-exec-5] DEBUG com.asa.mapper.BackUserMapper.updateById - <==    Updates: 1
2025-04-09 03:59:19.002 [http-nio-8888-exec-6] DEBUG com.asa.mapper.BackUserMapper.getUserByName - ==>  Preparing: select * from back_user where name = ? 
2025-04-09 03:59:19.002 [http-nio-8888-exec-6] DEBUG com.asa.mapper.BackUserMapper.getUserByName - ==> Parameters: zhangsan(String)
2025-04-09 03:59:19.005 [http-nio-8888-exec-6] DEBUG com.asa.mapper.BackUserMapper.getUserByName - <==      Total: 1
2025-04-09 03:59:58.120 [http-nio-8888-exec-7] DEBUG com.asa.mapper.BackUserMapper.getUserByName - ==>  Preparing: select * from back_user where name = ? 
2025-04-09 03:59:58.120 [http-nio-8888-exec-7] DEBUG com.asa.mapper.BackUserMapper.getUserByName - ==> Parameters: zhangsan(String)
2025-04-09 03:59:58.122 [http-nio-8888-exec-7] DEBUG com.asa.mapper.BackUserMapper.getUserByName - <==      Total: 1
2025-04-09 04:01:40.879 [http-nio-8888-exec-8] DEBUG com.asa.mapper.BackUserMapper.getUserByName - ==>  Preparing: select * from back_user where name = ? 
2025-04-09 04:01:40.880 [http-nio-8888-exec-8] DEBUG com.asa.mapper.BackUserMapper.getUserByName - ==> Parameters: zhangsan(String)
2025-04-09 04:01:40.882 [http-nio-8888-exec-8] DEBUG com.asa.mapper.BackUserMapper.getUserByName - <==      Total: 1
2025-04-09 04:01:53.337 [http-nio-8888-exec-9] DEBUG com.asa.mapper.BackUserMapper.getUserByName - ==>  Preparing: select * from back_user where name = ? 
2025-04-09 04:01:53.338 [http-nio-8888-exec-9] DEBUG com.asa.mapper.BackUserMapper.getUserByName - ==> Parameters: zhangsan(String)
2025-04-09 04:01:53.340 [http-nio-8888-exec-9] DEBUG com.asa.mapper.BackUserMapper.getUserByName - <==      Total: 1
2025-04-09 04:03:11.749 [http-nio-8888-exec-10] DEBUG com.asa.mapper.BackUserMapper.insert - ==>  Preparing: INSERT INTO back_user ( id, name, mobile, password, create_time, update_time, delete_flag, version ) VALUES ( ?, ?, ?, ?, ?, ?, ?, ? ) 
2025-04-09 04:03:11.751 [http-nio-8888-exec-10] DEBUG com.asa.mapper.BackUserMapper.insert - ==> Parameters: 1909698559586910209(Long), xuechang24(String), 13192019566(String), 224728(String), 2025-04-09 04:03:11.747(Timestamp), 2025-04-09 04:03:11.747(Timestamp), 0(Integer), 1(Integer)
2025-04-09 04:03:12.291 [http-nio-8888-exec-10] DEBUG com.asa.mapper.BackUserMapper.insert - <==    Updates: 1
2025-04-09 04:03:16.225 [http-nio-8888-exec-1] DEBUG com.asa.mapper.BackUserMapper.getUserByName - ==>  Preparing: select * from back_user where name = ? 
2025-04-09 04:03:16.226 [http-nio-8888-exec-1] DEBUG com.asa.mapper.BackUserMapper.getUserByName - ==> Parameters: xuechang24(String)
2025-04-09 04:03:16.228 [http-nio-8888-exec-1] DEBUG com.asa.mapper.BackUserMapper.getUserByName - <==      Total: 1
2025-04-09 15:39:47.256 [http-nio-8888-exec-2] DEBUG com.asa.mapper.BackUserMapper.getUserByName - ==>  Preparing: select * from back_user where name = ? 
2025-04-09 15:39:47.257 [http-nio-8888-exec-2] DEBUG com.asa.mapper.BackUserMapper.getUserByName - ==> Parameters: zhangsan(String)
2025-04-09 15:39:47.259 [http-nio-8888-exec-2] DEBUG com.asa.mapper.BackUserMapper.getUserByName - <==      Total: 1
2025-04-09 15:39:57.134 [http-nio-8888-exec-3] DEBUG com.asa.mapper.BackUserMapper.getUserByName - ==>  Preparing: select * from back_user where name = ? 
2025-04-09 15:39:57.134 [http-nio-8888-exec-3] DEBUG com.asa.mapper.BackUserMapper.getUserByName - ==> Parameters: zhangsan(String)
2025-04-09 15:39:57.139 [http-nio-8888-exec-3] DEBUG com.asa.mapper.BackUserMapper.getUserByName - <==      Total: 1
2025-04-09 17:38:59.169 [http-nio-8888-exec-4] DEBUG com.asa.mapper.BackUserMapper.getUserByName - ==>  Preparing: select * from back_user where name = ? 
2025-04-09 17:38:59.180 [http-nio-8888-exec-4] DEBUG com.asa.mapper.BackUserMapper.getUserByName - ==> Parameters: (String)
2025-04-09 17:38:59.190 [http-nio-8888-exec-4] DEBUG com.asa.mapper.BackUserMapper.getUserByName - <==      Total: 0
2025-04-09 17:39:07.821 [http-nio-8888-exec-5] DEBUG com.asa.mapper.BackUserMapper.getUserByName - ==>  Preparing: select * from back_user where name = ? 
2025-04-09 17:39:07.822 [http-nio-8888-exec-5] DEBUG com.asa.mapper.BackUserMapper.getUserByName - ==> Parameters: zhangsan(String)
2025-04-09 17:39:07.857 [http-nio-8888-exec-5] DEBUG com.asa.mapper.BackUserMapper.getUserByName - <==      Total: 1
2025-04-09 17:39:49.297 [http-nio-8888-exec-6] DEBUG com.asa.mapper.BackUserMapper.getUserByName - ==>  Preparing: select * from back_user where name = ? 
2025-04-09 17:39:49.298 [http-nio-8888-exec-6] DEBUG com.asa.mapper.BackUserMapper.getUserByName - ==> Parameters: zhangsan(String)
2025-04-09 17:39:49.300 [http-nio-8888-exec-6] DEBUG com.asa.mapper.BackUserMapper.getUserByName - <==      Total: 1
2025-04-09 17:48:30.985 [http-nio-8888-exec-7] DEBUG com.asa.mapper.BackUserMapper.getUserByName - ==>  Preparing: select * from back_user where name = ? 
2025-04-09 17:48:30.988 [http-nio-8888-exec-7] DEBUG com.asa.mapper.BackUserMapper.getUserByName - ==> Parameters: zhangsan(String)
2025-04-09 17:48:30.996 [http-nio-8888-exec-7] DEBUG com.asa.mapper.BackUserMapper.getUserByName - <==      Total: 1
2025-04-09 18:37:29.683 [http-nio-8888-exec-8] DEBUG com.asa.mapper.BackUserMapper.getUserByName - ==>  Preparing: select * from back_user where name = ? 
2025-04-09 18:37:29.684 [http-nio-8888-exec-8] DEBUG com.asa.mapper.BackUserMapper.getUserByName - ==> Parameters: zhangsan(String)
2025-04-09 18:37:29.694 [http-nio-8888-exec-8] DEBUG com.asa.mapper.BackUserMapper.getUserByName - <==      Total: 1
2025-04-09 18:38:42.418 [http-nio-8888-exec-9] DEBUG com.asa.mapper.BackUserMapper.getUserByName - ==>  Preparing: select * from back_user where name = ? 
2025-04-09 18:38:42.419 [http-nio-8888-exec-9] DEBUG com.asa.mapper.BackUserMapper.getUserByName - ==> Parameters: zhangsan(String)
2025-04-09 18:38:42.424 [http-nio-8888-exec-9] DEBUG com.asa.mapper.BackUserMapper.getUserByName - <==      Total: 1
2025-04-09 18:42:18.162 [http-nio-8888-exec-10] DEBUG com.asa.mapper.BackUserMapper.getUserByName - ==>  Preparing: select * from back_user where name = ? 
2025-04-09 18:42:18.162 [http-nio-8888-exec-10] DEBUG com.asa.mapper.BackUserMapper.getUserByName - ==> Parameters: zhangsan(String)
2025-04-09 18:42:18.165 [http-nio-8888-exec-10] DEBUG com.asa.mapper.BackUserMapper.getUserByName - <==      Total: 1
2025-04-09 18:47:53.211 [http-nio-8888-exec-1] DEBUG com.asa.mapper.BackUserMapper.getUserByName - ==>  Preparing: select * from back_user where name = ? 
2025-04-09 18:47:53.212 [http-nio-8888-exec-1] DEBUG com.asa.mapper.BackUserMapper.getUserByName - ==> Parameters: zhangsan(String)
2025-04-09 18:47:53.217 [http-nio-8888-exec-1] DEBUG com.asa.mapper.BackUserMapper.getUserByName - <==      Total: 1
2025-04-09 18:48:59.766 [http-nio-8888-exec-2] DEBUG com.asa.mapper.BackUserMapper.getUserByName - ==>  Preparing: select * from back_user where name = ? 
2025-04-09 18:48:59.769 [http-nio-8888-exec-2] DEBUG com.asa.mapper.BackUserMapper.getUserByName - ==> Parameters: null
2025-04-09 18:48:59.772 [http-nio-8888-exec-2] DEBUG com.asa.mapper.BackUserMapper.getUserByName - <==      Total: 0
2025-04-09 18:53:44.652 [http-nio-8888-exec-3] DEBUG com.asa.mapper.BackUserMapper.getUserByName - ==>  Preparing: select * from back_user where name = ? 
2025-04-09 18:53:44.653 [http-nio-8888-exec-3] DEBUG com.asa.mapper.BackUserMapper.getUserByName - ==> Parameters: zhangsan(String)
2025-04-09 18:53:44.656 [http-nio-8888-exec-3] DEBUG com.asa.mapper.BackUserMapper.getUserByName - <==      Total: 1
2025-04-09 18:53:44.673 [http-nio-8888-exec-3] DEBUG com.asa.mapper.BackUserMapper.updateById - ==>  Preparing: UPDATE back_user SET password=?, update_time=? WHERE id=? AND delete_flag=0 
2025-04-09 18:53:44.677 [http-nio-8888-exec-3] DEBUG com.asa.mapper.BackUserMapper.updateById - ==> Parameters: 224728(String), 2025-04-09 18:53:44.671(Timestamp), 1909678895066636289(Long)
2025-04-09 18:53:44.873 [http-nio-8888-exec-3] DEBUG com.asa.mapper.BackUserMapper.updateById - <==    Updates: 1
2025-04-09 18:54:11.122 [http-nio-8888-exec-4] DEBUG com.asa.mapper.BackUserMapper.getUserByName - ==>  Preparing: select * from back_user where name = ? 
2025-04-09 18:54:11.123 [http-nio-8888-exec-4] DEBUG com.asa.mapper.BackUserMapper.getUserByName - ==> Parameters: zhangsan(String)
2025-04-09 18:54:11.125 [http-nio-8888-exec-4] DEBUG com.asa.mapper.BackUserMapper.getUserByName - <==      Total: 1
2025-04-09 20:52:41.222 [restartedMain] DEBUG com.asa.BackendApplication - Running with Spring Boot v2.6.13, Spring v5.3.23
2025-04-09 20:53:23.206 [http-nio-8888-exec-3] DEBUG com.asa.mapper.BackUserMapper.getUserByName - ==>  Preparing: select * from back_user where name = ? 
2025-04-09 20:53:23.206 [http-nio-8888-exec-1] DEBUG com.asa.mapper.BackUserMapper.getUserByName - ==>  Preparing: select * from back_user where name = ? 
2025-04-09 20:53:23.284 [http-nio-8888-exec-1] DEBUG com.asa.mapper.BackUserMapper.getUserByName - ==> Parameters: zhangsan(String)
2025-04-09 20:53:23.284 [http-nio-8888-exec-3] DEBUG com.asa.mapper.BackUserMapper.getUserByName - ==> Parameters: zhangsan(String)
2025-04-09 20:53:24.467 [http-nio-8888-exec-3] DEBUG com.asa.mapper.BackUserMapper.getUserByName - <==      Total: 1
2025-04-09 20:53:24.467 [http-nio-8888-exec-1] DEBUG com.asa.mapper.BackUserMapper.getUserByName - <==      Total: 1
2025-04-09 20:53:58.258 [http-nio-8888-exec-2] DEBUG com.asa.mapper.BackUserMapper.getUserByName - ==>  Preparing: select * from back_user where name = ? 
2025-04-09 20:53:58.259 [http-nio-8888-exec-2] DEBUG com.asa.mapper.BackUserMapper.getUserByName - ==> Parameters: zhangsan(String)
2025-04-09 20:53:58.261 [http-nio-8888-exec-2] DEBUG com.asa.mapper.BackUserMapper.getUserByName - <==      Total: 1
2025-04-09 20:54:43.792 [http-nio-8888-exec-4] DEBUG com.asa.mapper.BackUserMapper.getUserByName - ==>  Preparing: select * from back_user where name = ? 
2025-04-09 20:54:43.792 [http-nio-8888-exec-4] DEBUG com.asa.mapper.BackUserMapper.getUserByName - ==> Parameters: zhangsan(String)
2025-04-09 20:54:44.169 [http-nio-8888-exec-4] DEBUG com.asa.mapper.BackUserMapper.getUserByName - <==      Total: 1
2025-04-09 20:59:16.229 [http-nio-8888-exec-5] DEBUG com.asa.mapper.BackUserMapper.getUserByName - ==>  Preparing: select * from back_user where name = ? 
2025-04-09 20:59:16.230 [http-nio-8888-exec-5] DEBUG com.asa.mapper.BackUserMapper.getUserByName - ==> Parameters: zhangsan(String)
2025-04-09 20:59:16.234 [http-nio-8888-exec-5] DEBUG com.asa.mapper.BackUserMapper.getUserByName - <==      Total: 1
2025-04-09 21:05:17.517 [http-nio-8888-exec-6] DEBUG com.asa.mapper.BackUserMapper.getUserByName - ==>  Preparing: select * from back_user where name = ? 
2025-04-09 21:05:17.518 [http-nio-8888-exec-6] DEBUG com.asa.mapper.BackUserMapper.getUserByName - ==> Parameters: zhangsan(String)
2025-04-09 21:05:17.521 [http-nio-8888-exec-6] DEBUG com.asa.mapper.BackUserMapper.getUserByName - <==      Total: 1
