2025-04-08 10:13:58.556 [main] WARN  o.s.b.w.s.c.AnnotationConfigServletWebServerApplicationContext - Exception encountered during context initialization - cancelling refresh attempt: org.springframework.context.ApplicationContextException: Failed to start bean 'documentationPluginsBootstrapper'; nested exception is java.lang.NullPointerException
2025-04-08 10:58:18.985 [main] WARN  org.mybatis.spring.mapper.ClassPathMapperScanner - No MyBatis mapper was found in '[com.asa.mapper]' package. Please check your configuration.
2025-04-08 11:00:20.216 [main] WARN  org.mybatis.spring.mapper.ClassPathMapperScanner - No MyBatis mapper was found in '[com.asa.mapper]' package. Please check your configuration.
2025-04-08 11:01:07.108 [main] WARN  org.mybatis.spring.mapper.ClassPathMapperScanner - No MyBatis mapper was found in '[com.asa.mapper]' package. Please check your configuration.
2025-04-08 11:01:14.447 [main] WARN  org.apache.velocity.deprecation - configuration key 'file.resource.loader.unicode' has been deprecated in favor of 'resource.loader.file.unicode'
2025-04-08 11:01:14.448 [main] WARN  org.apache.velocity.deprecation - configuration key 'file.resource.loader.class' has been deprecated in favor of 'resource.loader.file.class'
2025-04-08 16:30:36.597 [main] WARN  org.mybatis.spring.mapper.ClassPathMapperScanner - No MyBatis mapper was found in '[com.asa.back.mapper]' package. Please check your configuration.
2025-04-08 16:43:53.264 [main] WARN  org.mybatis.spring.mapper.ClassPathMapperScanner - No MyBatis mapper was found in '[com.asa.back.mapper]' package. Please check your configuration.
2025-04-08 16:47:21.315 [restartedMain] WARN  org.mybatis.spring.mapper.ClassPathMapperScanner - No MyBatis mapper was found in '[com.asa.back.mapper]' package. Please check your configuration.
2025-04-08 17:03:28.027 [restartedMain] WARN  org.mybatis.spring.mapper.ClassPathMapperScanner - No MyBatis mapper was found in '[com.asa.back.mapper]' package. Please check your configuration.
2025-04-08 17:04:26.582 [restartedMain] WARN  org.mybatis.spring.mapper.ClassPathMapperScanner - No MyBatis mapper was found in '[com.asa.back.mapper]' package. Please check your configuration.
2025-04-08 17:05:16.542 [http-nio-8888-exec-7] WARN  o.s.w.s.m.m.a.ExceptionHandlerExceptionResolver - Resolved [java.lang.RuntimeException: io.jsonwebtoken.MalformedJwtException: JWT strings must contain exactly 2 period characters. Found: 0]
2025-04-08 17:05:34.514 [http-nio-8888-exec-9] WARN  o.s.w.s.m.m.a.ExceptionHandlerExceptionResolver - Resolved [java.lang.RuntimeException: io.jsonwebtoken.ExpiredJwtException: JWT expired at 2025-04-08T17:05:29Z. Current time: 2025-04-08T17:05:34Z, a difference of 5510 milliseconds.  Allowed clock skew: 0 milliseconds.]
2025-04-08 17:17:49.091 [restartedMain] WARN  org.mybatis.spring.mapper.ClassPathMapperScanner - No MyBatis mapper was found in '[com.asa.back.mapper]' package. Please check your configuration.
2025-04-08 20:57:50.630 [restartedMain] WARN  org.mybatis.spring.mapper.ClassPathMapperScanner - No MyBatis mapper was found in '[com.asa.back.mapper]' package. Please check your configuration.
2025-04-08 20:59:25.657 [restartedMain] WARN  org.mybatis.spring.mapper.ClassPathMapperScanner - No MyBatis mapper was found in '[com.asa.back.mapper]' package. Please check your configuration.
2025-04-08 21:48:44.240 [restartedMain] WARN  org.mybatis.spring.mapper.ClassPathMapperScanner - No MyBatis mapper was found in '[com.asa.back.mapper]' package. Please check your configuration.
2025-04-08 21:49:22.706 [http-nio-8888-exec-1] WARN  o.s.w.s.m.m.a.ExceptionHandlerExceptionResolver - Resolved [org.springframework.http.converter.HttpMessageNotReadableException: Required request body is missing: public com.asa.common.utils.Result com.asa.controller.AuthController.getToken(com.asa.service.vo.BackUserVo)]
2025-04-08 21:55:46.804 [restartedMain] WARN  org.mybatis.spring.mapper.ClassPathMapperScanner - No MyBatis mapper was found in '[com.asa.back.mapper]' package. Please check your configuration.
2025-04-08 21:56:54.357 [restartedMain] WARN  org.mybatis.spring.mapper.ClassPathMapperScanner - No MyBatis mapper was found in '[com.asa.back.mapper]' package. Please check your configuration.
2025-04-08 21:58:50.323 [restartedMain] WARN  org.mybatis.spring.mapper.ClassPathMapperScanner - No MyBatis mapper was found in '[com.asa.back.mapper]' package. Please check your configuration.
2025-04-08 23:00:36.862 [restartedMain] WARN  org.mybatis.spring.mapper.ClassPathMapperScanner - No MyBatis mapper was found in '[com.asa.back.mapper]' package. Please check your configuration.
2025-04-08 23:02:09.549 [http-nio-8888-exec-1] WARN  o.s.w.s.m.m.a.ExceptionHandlerExceptionResolver - Resolved [java.lang.NullPointerException]
2025-04-08 23:05:29.878 [http-nio-8888-exec-2] WARN  o.s.w.s.m.m.a.ExceptionHandlerExceptionResolver - Resolved [java.lang.NullPointerException]
2025-04-08 23:07:17.286 [http-nio-8888-exec-3] WARN  o.s.w.s.m.m.a.ExceptionHandlerExceptionResolver - Resolved [java.lang.NullPointerException]
2025-04-08 23:08:01.366 [restartedMain] WARN  org.mybatis.spring.mapper.ClassPathMapperScanner - No MyBatis mapper was found in '[com.asa.back.mapper]' package. Please check your configuration.
2025-04-08 23:08:44.030 [restartedMain] WARN  org.mybatis.spring.mapper.ClassPathMapperScanner - No MyBatis mapper was found in '[com.asa.back.mapper]' package. Please check your configuration.
2025-04-08 23:09:17.368 [http-nio-8888-exec-1] WARN  o.s.w.s.m.m.a.ExceptionHandlerExceptionResolver - Resolved [java.lang.NullPointerException]
2025-04-08 23:13:30.903 [restartedMain] WARN  org.mybatis.spring.mapper.ClassPathMapperScanner - No MyBatis mapper was found in '[com.asa.back.mapper]' package. Please check your configuration.
2025-04-08 23:13:54.885 [http-nio-8888-exec-3] WARN  o.s.w.s.m.m.a.ExceptionHandlerExceptionResolver - Resolved [java.lang.NullPointerException]
2025-04-08 23:16:43.266 [restartedMain] WARN  org.mybatis.spring.mapper.ClassPathMapperScanner - No MyBatis mapper was found in '[com.asa.back.mapper]' package. Please check your configuration.
2025-04-08 23:17:04.680 [http-nio-8888-exec-1] WARN  o.s.w.s.m.m.a.ExceptionHandlerExceptionResolver - Resolved [org.apache.ibatis.binding.BindingException: Invalid bound statement (not found): com.asa.mapper.BackUserMapper.getUserByName]
2025-04-08 23:18:15.622 [restartedMain] WARN  org.mybatis.spring.mapper.ClassPathMapperScanner - No MyBatis mapper was found in '[com.asa.back.mapper]' package. Please check your configuration.
2025-04-08 23:20:01.228 [http-nio-8888-exec-2] WARN  o.s.w.s.m.m.a.ExceptionHandlerExceptionResolver - Resolved [java.lang.NullPointerException]
2025-04-08 23:26:28.143 [restartedMain] WARN  org.mybatis.spring.mapper.ClassPathMapperScanner - No MyBatis mapper was found in '[com.asa.back.mapper]' package. Please check your configuration.
2025-04-08 23:26:51.919 [http-nio-8888-exec-1] WARN  o.s.w.s.m.m.a.ExceptionHandlerExceptionResolver - Resolved [org.springframework.jdbc.BadSqlGrammarException: <EOL><EOL>### Error querying database.  Cause: java.sql.SQLSyntaxErrorException: Unknown column 'userName' in 'where clause'<EOL><EOL>### The error may exist in file [I:\asa\backend\target\classes\mapper\BackUserMapper.xml]<EOL><EOL>### The error may involve defaultParameterMap<EOL><EOL>### The error occurred while setting parameters<EOL><EOL>### SQL: select * from back_user where userName=?<EOL><EOL>### Cause: java.sql.SQLSyntaxErrorException: Unknown column 'userName' in 'where clause'<EOL>; bad SQL grammar []; nested exception is java.sql.SQLSyntaxErrorException: Unknown column 'userName' in 'where clause']
2025-04-08 23:28:12.371 [restartedMain] WARN  org.mybatis.spring.mapper.ClassPathMapperScanner - No MyBatis mapper was found in '[com.asa.back.mapper]' package. Please check your configuration.
2025-04-08 23:28:33.773 [http-nio-8888-exec-1] WARN  o.s.w.s.m.m.a.ExceptionHandlerExceptionResolver - Resolved [java.lang.NullPointerException]
2025-04-08 23:34:46.322 [restartedMain] WARN  org.mybatis.spring.mapper.ClassPathMapperScanner - No MyBatis mapper was found in '[com.asa.back.mapper]' package. Please check your configuration.
2025-04-08 23:35:31.716 [restartedMain] WARN  org.mybatis.spring.mapper.ClassPathMapperScanner - No MyBatis mapper was found in '[com.asa.back.mapper]' package. Please check your configuration.
2025-04-08 23:35:50.194 [http-nio-8888-exec-1] WARN  o.s.w.s.m.m.a.ExceptionHandlerExceptionResolver - Resolved [java.lang.NullPointerException]
2025-04-08 23:41:30.744 [restartedMain] WARN  org.mybatis.spring.mapper.ClassPathMapperScanner - No MyBatis mapper was found in '[com.asa.back.mapper]' package. Please check your configuration.
2025-04-08 23:42:01.322 [http-nio-8888-exec-1] WARN  o.s.w.s.m.m.a.ExceptionHandlerExceptionResolver - Resolved [java.lang.NullPointerException]
2025-04-08 23:43:28.155 [restartedMain] WARN  org.mybatis.spring.mapper.ClassPathMapperScanner - No MyBatis mapper was found in '[com.asa.back.mapper]' package. Please check your configuration.
2025-04-08 23:43:42.292 [http-nio-8888-exec-1] WARN  o.s.w.s.m.m.a.ExceptionHandlerExceptionResolver - Resolved [java.lang.NullPointerException]
2025-04-08 23:50:51.571 [restartedMain] WARN  org.mybatis.spring.mapper.ClassPathMapperScanner - No MyBatis mapper was found in '[com.asa.back.mapper]' package. Please check your configuration.
